{
  "D:\\Web\\ReactCourse\\training-react\\src\\components\\themes.js": {
    "path": "D:\\Web\\ReactCourse\\training-react\\src\\components\\themes.js",
    "statementMap": {
      "0": {
        "start": {
          "line": 1,
          "column": 26
        },
        "end": {
          "line": 8,
          "column": 1
        }
      },
      "1": {
        "start": {
          "line": 10,
          "column": 25
        },
        "end": {
          "line": 17,
          "column": 1
        }
      }
    },
    "fnMap": {},
    "branchMap": {},
    "s": {
      "0": 6,
      "1": 6
    },
    "f": {},
    "b": {},
    "_coverageSchema": "1a1c01bbd47fc00a2c39e90264f33305004495a9",
    "hash": "0939658bcbcffcfcb1b690eee12f5e1fb922e192"
  },
  "D:\\Web\\ReactCourse\\training-react\\src\\components\\styled-components.js": {
    "path": "D:\\Web\\ReactCourse\\training-react\\src\\components\\styled-components.js",
    "statementMap": {
      "0": {
        "start": {
          "line": 3,
          "column": 20
        },
        "end": {
          "line": 5,
          "column": 1
        }
      },
      "1": {
        "start": {
          "line": 4,
          "column": 39
        },
        "end": {
          "line": 4,
          "column": 49
        }
      },
      "2": {
        "start": {
          "line": 7,
          "column": 25
        },
        "end": {
          "line": 10,
          "column": 1
        }
      },
      "3": {
        "start": {
          "line": 8,
          "column": 39
        },
        "end": {
          "line": 8,
          "column": 56
        }
      },
      "4": {
        "start": {
          "line": 9,
          "column": 28
        },
        "end": {
          "line": 9,
          "column": 43
        }
      },
      "5": {
        "start": {
          "line": 12,
          "column": 22
        },
        "end": {
          "line": 15,
          "column": 1
        }
      },
      "6": {
        "start": {
          "line": 13,
          "column": 39
        },
        "end": {
          "line": 13,
          "column": 50
        }
      },
      "7": {
        "start": {
          "line": 14,
          "column": 28
        },
        "end": {
          "line": 14,
          "column": 41
        }
      },
      "8": {
        "start": {
          "line": 17,
          "column": 26
        },
        "end": {
          "line": 19,
          "column": 1
        }
      },
      "9": {
        "start": {
          "line": 18,
          "column": 28
        },
        "end": {
          "line": 18,
          "column": 43
        }
      },
      "10": {
        "start": {
          "line": 21,
          "column": 26
        },
        "end": {
          "line": 24,
          "column": 1
        }
      },
      "11": {
        "start": {
          "line": 22,
          "column": 39
        },
        "end": {
          "line": 22,
          "column": 52
        }
      },
      "12": {
        "start": {
          "line": 23,
          "column": 28
        },
        "end": {
          "line": 23,
          "column": 43
        }
      }
    },
    "fnMap": {
      "0": {
        "name": "(anonymous_0)",
        "decl": {
          "start": {
            "line": 4,
            "column": 24
          },
          "end": {
            "line": 4,
            "column": 25
          }
        },
        "loc": {
          "start": {
            "line": 4,
            "column": 39
          },
          "end": {
            "line": 4,
            "column": 49
          }
        },
        "line": 4
      },
      "1": {
        "name": "(anonymous_1)",
        "decl": {
          "start": {
            "line": 8,
            "column": 24
          },
          "end": {
            "line": 8,
            "column": 25
          }
        },
        "loc": {
          "start": {
            "line": 8,
            "column": 39
          },
          "end": {
            "line": 8,
            "column": 56
          }
        },
        "line": 8
      },
      "2": {
        "name": "(anonymous_2)",
        "decl": {
          "start": {
            "line": 9,
            "column": 13
          },
          "end": {
            "line": 9,
            "column": 14
          }
        },
        "loc": {
          "start": {
            "line": 9,
            "column": 28
          },
          "end": {
            "line": 9,
            "column": 43
          }
        },
        "line": 9
      },
      "3": {
        "name": "(anonymous_3)",
        "decl": {
          "start": {
            "line": 13,
            "column": 24
          },
          "end": {
            "line": 13,
            "column": 25
          }
        },
        "loc": {
          "start": {
            "line": 13,
            "column": 39
          },
          "end": {
            "line": 13,
            "column": 50
          }
        },
        "line": 13
      },
      "4": {
        "name": "(anonymous_4)",
        "decl": {
          "start": {
            "line": 14,
            "column": 13
          },
          "end": {
            "line": 14,
            "column": 14
          }
        },
        "loc": {
          "start": {
            "line": 14,
            "column": 28
          },
          "end": {
            "line": 14,
            "column": 41
          }
        },
        "line": 14
      },
      "5": {
        "name": "(anonymous_5)",
        "decl": {
          "start": {
            "line": 18,
            "column": 13
          },
          "end": {
            "line": 18,
            "column": 14
          }
        },
        "loc": {
          "start": {
            "line": 18,
            "column": 28
          },
          "end": {
            "line": 18,
            "column": 43
          }
        },
        "line": 18
      },
      "6": {
        "name": "(anonymous_6)",
        "decl": {
          "start": {
            "line": 22,
            "column": 24
          },
          "end": {
            "line": 22,
            "column": 25
          }
        },
        "loc": {
          "start": {
            "line": 22,
            "column": 39
          },
          "end": {
            "line": 22,
            "column": 52
          }
        },
        "line": 22
      },
      "7": {
        "name": "(anonymous_7)",
        "decl": {
          "start": {
            "line": 23,
            "column": 13
          },
          "end": {
            "line": 23,
            "column": 14
          }
        },
        "loc": {
          "start": {
            "line": 23,
            "column": 28
          },
          "end": {
            "line": 23,
            "column": 43
          }
        },
        "line": 23
      }
    },
    "branchMap": {},
    "s": {
      "0": 6,
      "1": 12,
      "2": 6,
      "3": 0,
      "4": 0,
      "5": 6,
      "6": 246,
      "7": 246,
      "8": 6,
      "9": 462,
      "10": 6,
      "11": 400,
      "12": 400
    },
    "f": {
      "0": 12,
      "1": 0,
      "2": 0,
      "3": 246,
      "4": 246,
      "5": 462,
      "6": 400,
      "7": 400
    },
    "b": {},
    "_coverageSchema": "1a1c01bbd47fc00a2c39e90264f33305004495a9",
    "hash": "9b07ce9a1cd91b3f80074e7db7c5f233a0c4c31c"
  },
  "D:\\Web\\ReactCourse\\training-react\\src\\ThemeContext.js": {
    "path": "D:\\Web\\ReactCourse\\training-react\\src\\ThemeContext.js",
    "statementMap": {
      "0": {
        "start": {
          "line": 3,
          "column": 28
        },
        "end": {
          "line": 3,
          "column": 54
        }
      },
      "1": {
        "start": {
          "line": 5,
          "column": 29
        },
        "end": {
          "line": 13,
          "column": 1
        }
      },
      "2": {
        "start": {
          "line": 6,
          "column": 30
        },
        "end": {
          "line": 6,
          "column": 115
        }
      },
      "3": {
        "start": {
          "line": 8,
          "column": 24
        },
        "end": {
          "line": 10,
          "column": 5
        }
      },
      "4": {
        "start": {
          "line": 9,
          "column": 8
        },
        "end": {
          "line": 9,
          "column": 91
        }
      },
      "5": {
        "start": {
          "line": 9,
          "column": 33
        },
        "end": {
          "line": 9,
          "column": 88
        }
      },
      "6": {
        "start": {
          "line": 12,
          "column": 4
        },
        "end": {
          "line": 12,
          "column": 100
        }
      }
    },
    "fnMap": {
      "0": {
        "name": "(anonymous_0)",
        "decl": {
          "start": {
            "line": 5,
            "column": 29
          },
          "end": {
            "line": 5,
            "column": 30
          }
        },
        "loc": {
          "start": {
            "line": 5,
            "column": 47
          },
          "end": {
            "line": 13,
            "column": 1
          }
        },
        "line": 5
      },
      "1": {
        "name": "(anonymous_1)",
        "decl": {
          "start": {
            "line": 8,
            "column": 24
          },
          "end": {
            "line": 8,
            "column": 25
          }
        },
        "loc": {
          "start": {
            "line": 8,
            "column": 30
          },
          "end": {
            "line": 10,
            "column": 5
          }
        },
        "line": 8
      },
      "2": {
        "name": "(anonymous_2)",
        "decl": {
          "start": {
            "line": 9,
            "column": 17
          },
          "end": {
            "line": 9,
            "column": 18
          }
        },
        "loc": {
          "start": {
            "line": 9,
            "column": 33
          },
          "end": {
            "line": 9,
            "column": 88
          }
        },
        "line": 9
      }
    },
    "branchMap": {
      "0": {
        "loc": {
          "start": {
            "line": 6,
            "column": 39
          },
          "end": {
            "line": 6,
            "column": 114
          }
        },
        "type": "cond-expr",
        "locations": [
          {
            "start": {
              "line": 6,
              "column": 71
            },
            "end": {
              "line": 6,
              "column": 100
            }
          },
          {
            "start": {
              "line": 6,
              "column": 103
            },
            "end": {
              "line": 6,
              "column": 114
            }
          }
        ],
        "line": 6
      },
      "1": {
        "loc": {
          "start": {
            "line": 9,
            "column": 33
          },
          "end": {
            "line": 9,
            "column": 88
          }
        },
        "type": "cond-expr",
        "locations": [
          {
            "start": {
              "line": 9,
              "column": 62
            },
            "end": {
              "line": 9,
              "column": 73
            }
          },
          {
            "start": {
              "line": 9,
              "column": 76
            },
            "end": {
              "line": 9,
              "column": 88
            }
          }
        ],
        "line": 9
      }
    },
    "s": {
      "0": 6,
      "1": 6,
      "2": 12,
      "3": 12,
      "4": 0,
      "5": 0,
      "6": 12
    },
    "f": {
      "0": 12,
      "1": 0,
      "2": 0
    },
    "b": {
      "0": [
        0,
        12
      ],
      "1": [
        0,
        0
      ]
    },
    "_coverageSchema": "1a1c01bbd47fc00a2c39e90264f33305004495a9",
    "hash": "74f73ac54e2e6c347719f7c22b98524191557554"
  },
  "D:\\Web\\ReactCourse\\training-react\\src\\pages\\ResetPassword.jsx": {
    "path": "D:\\Web\\ReactCourse\\training-react\\src\\pages\\ResetPassword.jsx",
    "statementMap": {
      "0": {
        "start": {
          "line": 11,
          "column": 19
        },
        "end": {
          "line": 11,
          "column": 30
        }
      },
      "1": {
        "start": {
          "line": 13,
          "column": 22
        },
        "end": {
          "line": 13,
          "column": 46
        }
      },
      "2": {
        "start": {
          "line": 14,
          "column": 35
        },
        "end": {
          "line": 14,
          "column": 47
        }
      },
      "3": {
        "start": {
          "line": 16,
          "column": 42
        },
        "end": {
          "line": 16,
          "column": 54
        }
      },
      "4": {
        "start": {
          "line": 17,
          "column": 50
        },
        "end": {
          "line": 17,
          "column": 62
        }
      },
      "5": {
        "start": {
          "line": 19,
          "column": 21
        },
        "end": {
          "line": 19,
          "column": 34
        }
      },
      "6": {
        "start": {
          "line": 21,
          "column": 27
        },
        "end": {
          "line": 40,
          "column": 5
        }
      },
      "7": {
        "start": {
          "line": 22,
          "column": 8
        },
        "end": {
          "line": 39,
          "column": 9
        }
      },
      "8": {
        "start": {
          "line": 23,
          "column": 29
        },
        "end": {
          "line": 31,
          "column": 14
        }
      },
      "9": {
        "start": {
          "line": 32,
          "column": 12
        },
        "end": {
          "line": 32,
          "column": 39
        }
      },
      "10": {
        "start": {
          "line": 33,
          "column": 12
        },
        "end": {
          "line": 35,
          "column": 13
        }
      },
      "11": {
        "start": {
          "line": 34,
          "column": 29
        },
        "end": {
          "line": 34,
          "column": 50
        }
      },
      "12": {
        "start": {
          "line": 37,
          "column": 12
        },
        "end": {
          "line": 37,
          "column": 39
        }
      },
      "13": {
        "start": {
          "line": 38,
          "column": 12
        },
        "end": {
          "line": 38,
          "column": 54
        }
      },
      "14": {
        "start": {
          "line": 42,
          "column": 27
        },
        "end": {
          "line": 61,
          "column": 5
        }
      },
      "15": {
        "start": {
          "line": 43,
          "column": 8
        },
        "end": {
          "line": 60,
          "column": 9
        }
      },
      "16": {
        "start": {
          "line": 44,
          "column": 29
        },
        "end": {
          "line": 52,
          "column": 14
        }
      },
      "17": {
        "start": {
          "line": 53,
          "column": 12
        },
        "end": {
          "line": 53,
          "column": 26
        }
      },
      "18": {
        "start": {
          "line": 54,
          "column": 12
        },
        "end": {
          "line": 56,
          "column": 13
        }
      },
      "19": {
        "start": {
          "line": 55,
          "column": 29
        },
        "end": {
          "line": 55,
          "column": 50
        }
      },
      "20": {
        "start": {
          "line": 58,
          "column": 12
        },
        "end": {
          "line": 58,
          "column": 26
        }
      },
      "21": {
        "start": {
          "line": 59,
          "column": 12
        },
        "end": {
          "line": 59,
          "column": 54
        }
      },
      "22": {
        "start": {
          "line": 63,
          "column": 4
        },
        "end": {
          "line": 138,
          "column": 6
        }
      },
      "23": {
        "start": {
          "line": 77,
          "column": 49
        },
        "end": {
          "line": 77,
          "column": 78
        }
      },
      "24": {
        "start": {
          "line": 87,
          "column": 47
        },
        "end": {
          "line": 87,
          "column": 63
        }
      },
      "25": {
        "start": {
          "line": 95,
          "column": 47
        },
        "end": {
          "line": 95,
          "column": 60
        }
      },
      "26": {
        "start": {
          "line": 106,
          "column": 49
        },
        "end": {
          "line": 106,
          "column": 79
        }
      },
      "27": {
        "start": {
          "line": 118,
          "column": 49
        },
        "end": {
          "line": 118,
          "column": 83
        }
      },
      "28": {
        "start": {
          "line": 128,
          "column": 48
        },
        "end": {
          "line": 128,
          "column": 110
        }
      }
    },
    "fnMap": {
      "0": {
        "name": "ResetPasswordComponent",
        "decl": {
          "start": {
            "line": 10,
            "column": 9
          },
          "end": {
            "line": 10,
            "column": 31
          }
        },
        "loc": {
          "start": {
            "line": 10,
            "column": 49
          },
          "end": {
            "line": 139,
            "column": 1
          }
        },
        "line": 10
      },
      "1": {
        "name": "(anonymous_1)",
        "decl": {
          "start": {
            "line": 21,
            "column": 27
          },
          "end": {
            "line": 21,
            "column": 28
          }
        },
        "loc": {
          "start": {
            "line": 21,
            "column": 39
          },
          "end": {
            "line": 40,
            "column": 5
          }
        },
        "line": 21
      },
      "2": {
        "name": "(anonymous_2)",
        "decl": {
          "start": {
            "line": 42,
            "column": 27
          },
          "end": {
            "line": 42,
            "column": 28
          }
        },
        "loc": {
          "start": {
            "line": 42,
            "column": 39
          },
          "end": {
            "line": 61,
            "column": 5
          }
        },
        "line": 42
      },
      "3": {
        "name": "(anonymous_3)",
        "decl": {
          "start": {
            "line": 77,
            "column": 42
          },
          "end": {
            "line": 77,
            "column": 43
          }
        },
        "loc": {
          "start": {
            "line": 77,
            "column": 49
          },
          "end": {
            "line": 77,
            "column": 78
          }
        },
        "line": 77
      },
      "4": {
        "name": "(anonymous_4)",
        "decl": {
          "start": {
            "line": 87,
            "column": 41
          },
          "end": {
            "line": 87,
            "column": 42
          }
        },
        "loc": {
          "start": {
            "line": 87,
            "column": 47
          },
          "end": {
            "line": 87,
            "column": 63
          }
        },
        "line": 87
      },
      "5": {
        "name": "(anonymous_5)",
        "decl": {
          "start": {
            "line": 95,
            "column": 41
          },
          "end": {
            "line": 95,
            "column": 42
          }
        },
        "loc": {
          "start": {
            "line": 95,
            "column": 47
          },
          "end": {
            "line": 95,
            "column": 60
          }
        },
        "line": 95
      },
      "6": {
        "name": "(anonymous_6)",
        "decl": {
          "start": {
            "line": 106,
            "column": 42
          },
          "end": {
            "line": 106,
            "column": 43
          }
        },
        "loc": {
          "start": {
            "line": 106,
            "column": 49
          },
          "end": {
            "line": 106,
            "column": 79
          }
        },
        "line": 106
      },
      "7": {
        "name": "(anonymous_7)",
        "decl": {
          "start": {
            "line": 118,
            "column": 42
          },
          "end": {
            "line": 118,
            "column": 43
          }
        },
        "loc": {
          "start": {
            "line": 118,
            "column": 49
          },
          "end": {
            "line": 118,
            "column": 83
          }
        },
        "line": 118
      },
      "8": {
        "name": "(anonymous_8)",
        "decl": {
          "start": {
            "line": 128,
            "column": 41
          },
          "end": {
            "line": 128,
            "column": 42
          }
        },
        "loc": {
          "start": {
            "line": 128,
            "column": 48
          },
          "end": {
            "line": 128,
            "column": 110
          }
        },
        "line": 128
      }
    },
    "branchMap": {
      "0": {
        "loc": {
          "start": {
            "line": 33,
            "column": 12
          },
          "end": {
            "line": 35,
            "column": 13
          }
        },
        "type": "if",
        "locations": [
          {
            "start": {
              "line": 33,
              "column": 12
            },
            "end": {
              "line": 35,
              "column": 13
            }
          },
          {
            "start": {},
            "end": {}
          }
        ],
        "line": 33
      },
      "1": {
        "loc": {
          "start": {
            "line": 54,
            "column": 12
          },
          "end": {
            "line": 56,
            "column": 13
          }
        },
        "type": "if",
        "locations": [
          {
            "start": {
              "line": 54,
              "column": 12
            },
            "end": {
              "line": 56,
              "column": 13
            }
          },
          {
            "start": {},
            "end": {}
          }
        ],
        "line": 54
      },
      "2": {
        "loc": {
          "start": {
            "line": 64,
            "column": 24
          },
          "end": {
            "line": 64,
            "column": 95
          }
        },
        "type": "cond-expr",
        "locations": [
          {
            "start": {
              "line": 64,
              "column": 38
            },
            "end": {
              "line": 64,
              "column": 64
            }
          },
          {
            "start": {
              "line": 64,
              "column": 67
            },
            "end": {
              "line": 64,
              "column": 95
            }
          }
        ],
        "line": 64
      },
      "3": {
        "loc": {
          "start": {
            "line": 65,
            "column": 13
          },
          "end": {
            "line": 65,
            "column": 117
          }
        },
        "type": "cond-expr",
        "locations": [
          {
            "start": {
              "line": 65,
              "column": 27
            },
            "end": {
              "line": 65,
              "column": 71
            }
          },
          {
            "start": {
              "line": 65,
              "column": 74
            },
            "end": {
              "line": 65,
              "column": 117
            }
          }
        ],
        "line": 65
      },
      "4": {
        "loc": {
          "start": {
            "line": 67,
            "column": 54
          },
          "end": {
            "line": 67,
            "column": 97
          }
        },
        "type": "cond-expr",
        "locations": [
          {
            "start": {
              "line": 67,
              "column": 75
            },
            "end": {
              "line": 67,
              "column": 84
            }
          },
          {
            "start": {
              "line": 67,
              "column": 87
            },
            "end": {
              "line": 67,
              "column": 97
            }
          }
        ],
        "line": 67
      },
      "5": {
        "loc": {
          "start": {
            "line": 69,
            "column": 21
          },
          "end": {
            "line": 134,
            "column": 21
          }
        },
        "type": "cond-expr",
        "locations": [
          {
            "start": {
              "line": 70,
              "column": 24
            },
            "end": {
              "line": 100,
              "column": 27
            }
          },
          {
            "start": {
              "line": 102,
              "column": 24
            },
            "end": {
              "line": 133,
              "column": 27
            }
          }
        ],
        "line": 69
      },
      "6": {
        "loc": {
          "start": {
            "line": 71,
            "column": 47
          },
          "end": {
            "line": 71,
            "column": 90
          }
        },
        "type": "cond-expr",
        "locations": [
          {
            "start": {
              "line": 71,
              "column": 68
            },
            "end": {
              "line": 71,
              "column": 77
            }
          },
          {
            "start": {
              "line": 71,
              "column": 80
            },
            "end": {
              "line": 71,
              "column": 90
            }
          }
        ],
        "line": 71
      },
      "7": {
        "loc": {
          "start": {
            "line": 80,
            "column": 39
          },
          "end": {
            "line": 80,
            "column": 82
          }
        },
        "type": "cond-expr",
        "locations": [
          {
            "start": {
              "line": 80,
              "column": 60
            },
            "end": {
              "line": 80,
              "column": 69
            }
          },
          {
            "start": {
              "line": 80,
              "column": 72
            },
            "end": {
              "line": 80,
              "column": 82
            }
          }
        ],
        "line": 80
      },
      "8": {
        "loc": {
          "start": {
            "line": 88,
            "column": 39
          },
          "end": {
            "line": 88,
            "column": 82
          }
        },
        "type": "cond-expr",
        "locations": [
          {
            "start": {
              "line": 88,
              "column": 60
            },
            "end": {
              "line": 88,
              "column": 69
            }
          },
          {
            "start": {
              "line": 88,
              "column": 72
            },
            "end": {
              "line": 88,
              "column": 82
            }
          }
        ],
        "line": 88
      },
      "9": {
        "loc": {
          "start": {
            "line": 96,
            "column": 39
          },
          "end": {
            "line": 96,
            "column": 82
          }
        },
        "type": "cond-expr",
        "locations": [
          {
            "start": {
              "line": 96,
              "column": 60
            },
            "end": {
              "line": 96,
              "column": 69
            }
          },
          {
            "start": {
              "line": 96,
              "column": 72
            },
            "end": {
              "line": 96,
              "column": 82
            }
          }
        ],
        "line": 96
      },
      "10": {
        "loc": {
          "start": {
            "line": 103,
            "column": 47
          },
          "end": {
            "line": 103,
            "column": 90
          }
        },
        "type": "cond-expr",
        "locations": [
          {
            "start": {
              "line": 103,
              "column": 68
            },
            "end": {
              "line": 103,
              "column": 77
            }
          },
          {
            "start": {
              "line": 103,
              "column": 80
            },
            "end": {
              "line": 103,
              "column": 90
            }
          }
        ],
        "line": 103
      },
      "11": {
        "loc": {
          "start": {
            "line": 109,
            "column": 39
          },
          "end": {
            "line": 109,
            "column": 82
          }
        },
        "type": "cond-expr",
        "locations": [
          {
            "start": {
              "line": 109,
              "column": 60
            },
            "end": {
              "line": 109,
              "column": 69
            }
          },
          {
            "start": {
              "line": 109,
              "column": 72
            },
            "end": {
              "line": 109,
              "column": 82
            }
          }
        ],
        "line": 109
      },
      "12": {
        "loc": {
          "start": {
            "line": 113,
            "column": 47
          },
          "end": {
            "line": 113,
            "column": 90
          }
        },
        "type": "cond-expr",
        "locations": [
          {
            "start": {
              "line": 113,
              "column": 68
            },
            "end": {
              "line": 113,
              "column": 77
            }
          },
          {
            "start": {
              "line": 113,
              "column": 80
            },
            "end": {
              "line": 113,
              "column": 90
            }
          }
        ],
        "line": 113
      },
      "13": {
        "loc": {
          "start": {
            "line": 121,
            "column": 39
          },
          "end": {
            "line": 121,
            "column": 82
          }
        },
        "type": "cond-expr",
        "locations": [
          {
            "start": {
              "line": 121,
              "column": 60
            },
            "end": {
              "line": 121,
              "column": 69
            }
          },
          {
            "start": {
              "line": 121,
              "column": 72
            },
            "end": {
              "line": 121,
              "column": 82
            }
          }
        ],
        "line": 121
      },
      "14": {
        "loc": {
          "start": {
            "line": 128,
            "column": 48
          },
          "end": {
            "line": 128,
            "column": 110
          }
        },
        "type": "cond-expr",
        "locations": [
          {
            "start": {
              "line": 128,
              "column": 82
            },
            "end": {
              "line": 128,
              "column": 98
            }
          },
          {
            "start": {
              "line": 128,
              "column": 101
            },
            "end": {
              "line": 128,
              "column": 110
            }
          }
        ],
        "line": 128
      },
      "15": {
        "loc": {
          "start": {
            "line": 129,
            "column": 39
          },
          "end": {
            "line": 129,
            "column": 82
          }
        },
        "type": "cond-expr",
        "locations": [
          {
            "start": {
              "line": 129,
              "column": 60
            },
            "end": {
              "line": 129,
              "column": 69
            }
          },
          {
            "start": {
              "line": 129,
              "column": 72
            },
            "end": {
              "line": 129,
              "column": 82
            }
          }
        ],
        "line": 129
      }
    },
    "s": {
      "0": 0,
      "1": 0,
      "2": 0,
      "3": 0,
      "4": 0,
      "5": 0,
      "6": 0,
      "7": 0,
      "8": 0,
      "9": 0,
      "10": 0,
      "11": 0,
      "12": 0,
      "13": 0,
      "14": 0,
      "15": 0,
      "16": 0,
      "17": 0,
      "18": 0,
      "19": 0,
      "20": 0,
      "21": 0,
      "22": 0,
      "23": 0,
      "24": 0,
      "25": 0,
      "26": 0,
      "27": 0,
      "28": 0
    },
    "f": {
      "0": 0,
      "1": 0,
      "2": 0,
      "3": 0,
      "4": 0,
      "5": 0,
      "6": 0,
      "7": 0,
      "8": 0
    },
    "b": {
      "0": [
        0,
        0
      ],
      "1": [
        0,
        0
      ],
      "2": [
        0,
        0
      ],
      "3": [
        0,
        0
      ],
      "4": [
        0,
        0
      ],
      "5": [
        0,
        0
      ],
      "6": [
        0,
        0
      ],
      "7": [
        0,
        0
      ],
      "8": [
        0,
        0
      ],
      "9": [
        0,
        0
      ],
      "10": [
        0,
        0
      ],
      "11": [
        0,
        0
      ],
      "12": [
        0,
        0
      ],
      "13": [
        0,
        0
      ],
      "14": [
        0,
        0
      ],
      "15": [
        0,
        0
      ]
    },
    "_coverageSchema": "1a1c01bbd47fc00a2c39e90264f33305004495a9",
    "hash": "73b98d5f84205d9636996cdd46b8e3edd644ba4a"
  },
  "D:\\Web\\ReactCourse\\training-react\\src\\pages\\OneMoreStep.jsx": {
    "path": "D:\\Web\\ReactCourse\\training-react\\src\\pages\\OneMoreStep.jsx",
    "statementMap": {
      "0": {
        "start": {
          "line": 10,
          "column": 22
        },
        "end": {
          "line": 10,
          "column": 46
        }
      },
      "1": {
        "start": {
          "line": 12,
          "column": 21
        },
        "end": {
          "line": 12,
          "column": 34
        }
      },
      "2": {
        "start": {
          "line": 14,
          "column": 4
        },
        "end": {
          "line": 35,
          "column": 6
        }
      },
      "3": {
        "start": {
          "line": 27,
          "column": 39
        },
        "end": {
          "line": 27,
          "column": 52
        }
      }
    },
    "fnMap": {
      "0": {
        "name": "OneMoreStepComponent",
        "decl": {
          "start": {
            "line": 9,
            "column": 9
          },
          "end": {
            "line": 9,
            "column": 29
          }
        },
        "loc": {
          "start": {
            "line": 9,
            "column": 32
          },
          "end": {
            "line": 36,
            "column": 1
          }
        },
        "line": 9
      },
      "1": {
        "name": "(anonymous_1)",
        "decl": {
          "start": {
            "line": 27,
            "column": 33
          },
          "end": {
            "line": 27,
            "column": 34
          }
        },
        "loc": {
          "start": {
            "line": 27,
            "column": 39
          },
          "end": {
            "line": 27,
            "column": 52
          }
        },
        "line": 27
      }
    },
    "branchMap": {
      "0": {
        "loc": {
          "start": {
            "line": 18,
            "column": 54
          },
          "end": {
            "line": 18,
            "column": 97
          }
        },
        "type": "cond-expr",
        "locations": [
          {
            "start": {
              "line": 18,
              "column": 75
            },
            "end": {
              "line": 18,
              "column": 84
            }
          },
          {
            "start": {
              "line": 18,
              "column": 87
            },
            "end": {
              "line": 18,
              "column": 97
            }
          }
        ],
        "line": 18
      },
      "1": {
        "loc": {
          "start": {
            "line": 20,
            "column": 39
          },
          "end": {
            "line": 20,
            "column": 82
          }
        },
        "type": "cond-expr",
        "locations": [
          {
            "start": {
              "line": 20,
              "column": 60
            },
            "end": {
              "line": 20,
              "column": 69
            }
          },
          {
            "start": {
              "line": 20,
              "column": 72
            },
            "end": {
              "line": 20,
              "column": 82
            }
          }
        ],
        "line": 20
      },
      "2": {
        "loc": {
          "start": {
            "line": 28,
            "column": 31
          },
          "end": {
            "line": 28,
            "column": 74
          }
        },
        "type": "cond-expr",
        "locations": [
          {
            "start": {
              "line": 28,
              "column": 52
            },
            "end": {
              "line": 28,
              "column": 61
            }
          },
          {
            "start": {
              "line": 28,
              "column": 64
            },
            "end": {
              "line": 28,
              "column": 74
            }
          }
        ],
        "line": 28
      }
    },
    "s": {
      "0": 0,
      "1": 0,
      "2": 0,
      "3": 0
    },
    "f": {
      "0": 0,
      "1": 0
    },
    "b": {
      "0": [
        0,
        0
      ],
      "1": [
        0,
        0
      ],
      "2": [
        0,
        0
      ]
    },
    "_coverageSchema": "1a1c01bbd47fc00a2c39e90264f33305004495a9",
    "hash": "c4f2a8b8bf56b713093822d4ccf5748ecccbd8ae"
  },
  "D:\\Web\\ReactCourse\\training-react\\src\\pages\\Auth.jsx": {
    "path": "D:\\Web\\ReactCourse\\training-react\\src\\pages\\Auth.jsx",
    "statementMap": {
      "0": {
        "start": {
          "line": 10,
          "column": 30
        },
        "end": {
          "line": 10,
          "column": 54
        }
      },
      "1": {
        "start": {
          "line": 11,
          "column": 38
        },
        "end": {
          "line": 11,
          "column": 50
        }
      },
      "2": {
        "start": {
          "line": 12,
          "column": 30
        },
        "end": {
          "line": 12,
          "column": 42
        }
      },
      "3": {
        "start": {
          "line": 13,
          "column": 36
        },
        "end": {
          "line": 13,
          "column": 48
        }
      },
      "4": {
        "start": {
          "line": 15,
          "column": 22
        },
        "end": {
          "line": 15,
          "column": 46
        }
      },
      "5": {
        "start": {
          "line": 17,
          "column": 23
        },
        "end": {
          "line": 17,
          "column": 45
        }
      },
      "6": {
        "start": {
          "line": 17,
          "column": 29
        },
        "end": {
          "line": 17,
          "column": 45
        }
      },
      "7": {
        "start": {
          "line": 19,
          "column": 21
        },
        "end": {
          "line": 19,
          "column": 34
        }
      },
      "8": {
        "start": {
          "line": 21,
          "column": 27
        },
        "end": {
          "line": 44,
          "column": 5
        }
      },
      "9": {
        "start": {
          "line": 22,
          "column": 8
        },
        "end": {
          "line": 43,
          "column": 9
        }
      },
      "10": {
        "start": {
          "line": 23,
          "column": 29
        },
        "end": {
          "line": 31,
          "column": 14
        }
      },
      "11": {
        "start": {
          "line": 33,
          "column": 12
        },
        "end": {
          "line": 39,
          "column": 13
        }
      },
      "12": {
        "start": {
          "line": 34,
          "column": 29
        },
        "end": {
          "line": 34,
          "column": 50
        }
      },
      "13": {
        "start": {
          "line": 35,
          "column": 16
        },
        "end": {
          "line": 35,
          "column": 29
        }
      },
      "14": {
        "start": {
          "line": 37,
          "column": 30
        },
        "end": {
          "line": 37,
          "column": 51
        }
      },
      "15": {
        "start": {
          "line": 38,
          "column": 16
        },
        "end": {
          "line": 38,
          "column": 49
        }
      },
      "16": {
        "start": {
          "line": 41,
          "column": 12
        },
        "end": {
          "line": 41,
          "column": 55
        }
      },
      "17": {
        "start": {
          "line": 42,
          "column": 12
        },
        "end": {
          "line": 42,
          "column": 59
        }
      },
      "18": {
        "start": {
          "line": 46,
          "column": 24
        },
        "end": {
          "line": 70,
          "column": 5
        }
      },
      "19": {
        "start": {
          "line": 47,
          "column": 8
        },
        "end": {
          "line": 69,
          "column": 9
        }
      },
      "20": {
        "start": {
          "line": 48,
          "column": 29
        },
        "end": {
          "line": 55,
          "column": 14
        }
      },
      "21": {
        "start": {
          "line": 57,
          "column": 12
        },
        "end": {
          "line": 65,
          "column": 13
        }
      },
      "22": {
        "start": {
          "line": 58,
          "column": 29
        },
        "end": {
          "line": 58,
          "column": 50
        }
      },
      "23": {
        "start": {
          "line": 59,
          "column": 16
        },
        "end": {
          "line": 59,
          "column": 58
        }
      },
      "24": {
        "start": {
          "line": 60,
          "column": 16
        },
        "end": {
          "line": 60,
          "column": 53
        }
      },
      "25": {
        "start": {
          "line": 61,
          "column": 16
        },
        "end": {
          "line": 61,
          "column": 38
        }
      },
      "26": {
        "start": {
          "line": 63,
          "column": 30
        },
        "end": {
          "line": 63,
          "column": 51
        }
      },
      "27": {
        "start": {
          "line": 64,
          "column": 16
        },
        "end": {
          "line": 64,
          "column": 49
        }
      },
      "28": {
        "start": {
          "line": 67,
          "column": 12
        },
        "end": {
          "line": 67,
          "column": 48
        }
      },
      "29": {
        "start": {
          "line": 68,
          "column": 12
        },
        "end": {
          "line": 68,
          "column": 52
        }
      },
      "30": {
        "start": {
          "line": 71,
          "column": 4
        },
        "end": {
          "line": 71,
          "column": 34
        }
      },
      "31": {
        "start": {
          "line": 72,
          "column": 4
        },
        "end": {
          "line": 153,
          "column": 6
        }
      },
      "32": {
        "start": {
          "line": 80,
          "column": 45
        },
        "end": {
          "line": 80,
          "column": 73
        }
      },
      "33": {
        "start": {
          "line": 92,
          "column": 37
        },
        "end": {
          "line": 92,
          "column": 61
        }
      },
      "34": {
        "start": {
          "line": 103,
          "column": 37
        },
        "end": {
          "line": 103,
          "column": 64
        }
      },
      "35": {
        "start": {
          "line": 156,
          "column": 0
        },
        "end": {
          "line": 158,
          "column": 2
        }
      }
    },
    "fnMap": {
      "0": {
        "name": "AuthComponent",
        "decl": {
          "start": {
            "line": 9,
            "column": 9
          },
          "end": {
            "line": 9,
            "column": 22
          }
        },
        "loc": {
          "start": {
            "line": 9,
            "column": 43
          },
          "end": {
            "line": 154,
            "column": 1
          }
        },
        "line": 9
      },
      "1": {
        "name": "(anonymous_1)",
        "decl": {
          "start": {
            "line": 17,
            "column": 23
          },
          "end": {
            "line": 17,
            "column": 24
          }
        },
        "loc": {
          "start": {
            "line": 17,
            "column": 29
          },
          "end": {
            "line": 17,
            "column": 45
          }
        },
        "line": 17
      },
      "2": {
        "name": "(anonymous_2)",
        "decl": {
          "start": {
            "line": 21,
            "column": 27
          },
          "end": {
            "line": 21,
            "column": 28
          }
        },
        "loc": {
          "start": {
            "line": 21,
            "column": 39
          },
          "end": {
            "line": 44,
            "column": 5
          }
        },
        "line": 21
      },
      "3": {
        "name": "(anonymous_3)",
        "decl": {
          "start": {
            "line": 46,
            "column": 24
          },
          "end": {
            "line": 46,
            "column": 25
          }
        },
        "loc": {
          "start": {
            "line": 46,
            "column": 36
          },
          "end": {
            "line": 70,
            "column": 5
          }
        },
        "line": 46
      },
      "4": {
        "name": "(anonymous_4)",
        "decl": {
          "start": {
            "line": 80,
            "column": 38
          },
          "end": {
            "line": 80,
            "column": 39
          }
        },
        "loc": {
          "start": {
            "line": 80,
            "column": 45
          },
          "end": {
            "line": 80,
            "column": 73
          }
        },
        "line": 80
      },
      "5": {
        "name": "(anonymous_5)",
        "decl": {
          "start": {
            "line": 92,
            "column": 30
          },
          "end": {
            "line": 92,
            "column": 31
          }
        },
        "loc": {
          "start": {
            "line": 92,
            "column": 37
          },
          "end": {
            "line": 92,
            "column": 61
          }
        },
        "line": 92
      },
      "6": {
        "name": "(anonymous_6)",
        "decl": {
          "start": {
            "line": 103,
            "column": 30
          },
          "end": {
            "line": 103,
            "column": 31
          }
        },
        "loc": {
          "start": {
            "line": 103,
            "column": 37
          },
          "end": {
            "line": 103,
            "column": 64
          }
        },
        "line": 103
      }
    },
    "branchMap": {
      "0": {
        "loc": {
          "start": {
            "line": 33,
            "column": 12
          },
          "end": {
            "line": 39,
            "column": 13
          }
        },
        "type": "if",
        "locations": [
          {
            "start": {
              "line": 33,
              "column": 12
            },
            "end": {
              "line": 39,
              "column": 13
            }
          },
          {
            "start": {
              "line": 36,
              "column": 19
            },
            "end": {
              "line": 39,
              "column": 13
            }
          }
        ],
        "line": 33
      },
      "1": {
        "loc": {
          "start": {
            "line": 57,
            "column": 12
          },
          "end": {
            "line": 65,
            "column": 13
          }
        },
        "type": "if",
        "locations": [
          {
            "start": {
              "line": 57,
              "column": 12
            },
            "end": {
              "line": 65,
              "column": 13
            }
          },
          {
            "start": {
              "line": 62,
              "column": 19
            },
            "end": {
              "line": 65,
              "column": 13
            }
          }
        ],
        "line": 57
      },
      "2": {
        "loc": {
          "start": {
            "line": 73,
            "column": 24
          },
          "end": {
            "line": 73,
            "column": 70
          }
        },
        "type": "cond-expr",
        "locations": [
          {
            "start": {
              "line": 73,
              "column": 32
            },
            "end": {
              "line": 73,
              "column": 51
            }
          },
          {
            "start": {
              "line": 73,
              "column": 54
            },
            "end": {
              "line": 73,
              "column": 70
            }
          }
        ],
        "line": 73
      },
      "3": {
        "loc": {
          "start": {
            "line": 75,
            "column": 17
          },
          "end": {
            "line": 88,
            "column": 17
          }
        },
        "type": "binary-expr",
        "locations": [
          {
            "start": {
              "line": 75,
              "column": 17
            },
            "end": {
              "line": 75,
              "column": 22
            }
          },
          {
            "start": {
              "line": 76,
              "column": 20
            },
            "end": {
              "line": 87,
              "column": 23
            }
          }
        ],
        "line": 75
      },
      "4": {
        "loc": {
          "start": {
            "line": 77,
            "column": 43
          },
          "end": {
            "line": 77,
            "column": 88
          }
        },
        "type": "cond-expr",
        "locations": [
          {
            "start": {
              "line": 77,
              "column": 66
            },
            "end": {
              "line": 77,
              "column": 75
            }
          },
          {
            "start": {
              "line": 77,
              "column": 78
            },
            "end": {
              "line": 77,
              "column": 88
            }
          }
        ],
        "line": 77
      },
      "5": {
        "loc": {
          "start": {
            "line": 84,
            "column": 35
          },
          "end": {
            "line": 84,
            "column": 80
          }
        },
        "type": "cond-expr",
        "locations": [
          {
            "start": {
              "line": 84,
              "column": 58
            },
            "end": {
              "line": 84,
              "column": 67
            }
          },
          {
            "start": {
              "line": 84,
              "column": 70
            },
            "end": {
              "line": 84,
              "column": 80
            }
          }
        ],
        "line": 84
      },
      "6": {
        "loc": {
          "start": {
            "line": 89,
            "column": 35
          },
          "end": {
            "line": 89,
            "column": 80
          }
        },
        "type": "cond-expr",
        "locations": [
          {
            "start": {
              "line": 89,
              "column": 58
            },
            "end": {
              "line": 89,
              "column": 67
            }
          },
          {
            "start": {
              "line": 89,
              "column": 70
            },
            "end": {
              "line": 89,
              "column": 80
            }
          }
        ],
        "line": 89
      },
      "7": {
        "loc": {
          "start": {
            "line": 95,
            "column": 27
          },
          "end": {
            "line": 95,
            "column": 72
          }
        },
        "type": "cond-expr",
        "locations": [
          {
            "start": {
              "line": 95,
              "column": 50
            },
            "end": {
              "line": 95,
              "column": 59
            }
          },
          {
            "start": {
              "line": 95,
              "column": 62
            },
            "end": {
              "line": 95,
              "column": 72
            }
          }
        ],
        "line": 95
      },
      "8": {
        "loc": {
          "start": {
            "line": 99,
            "column": 39
          },
          "end": {
            "line": 99,
            "column": 85
          }
        },
        "type": "cond-expr",
        "locations": [
          {
            "start": {
              "line": 99,
              "column": 63
            },
            "end": {
              "line": 99,
              "column": 72
            }
          },
          {
            "start": {
              "line": 99,
              "column": 75
            },
            "end": {
              "line": 99,
              "column": 85
            }
          }
        ],
        "line": 99
      },
      "9": {
        "loc": {
          "start": {
            "line": 106,
            "column": 27
          },
          "end": {
            "line": 106,
            "column": 72
          }
        },
        "type": "cond-expr",
        "locations": [
          {
            "start": {
              "line": 106,
              "column": 50
            },
            "end": {
              "line": 106,
              "column": 59
            }
          },
          {
            "start": {
              "line": 106,
              "column": 62
            },
            "end": {
              "line": 106,
              "column": 72
            }
          }
        ],
        "line": 106
      },
      "10": {
        "loc": {
          "start": {
            "line": 109,
            "column": 17
          },
          "end": {
            "line": 125,
            "column": 17
          }
        },
        "type": "cond-expr",
        "locations": [
          {
            "start": {
              "line": 110,
              "column": 20
            },
            "end": {
              "line": 116,
              "column": 29
            }
          },
          {
            "start": {
              "line": 118,
              "column": 20
            },
            "end": {
              "line": 124,
              "column": 29
            }
          }
        ],
        "line": 109
      },
      "11": {
        "loc": {
          "start": {
            "line": 114,
            "column": 31
          },
          "end": {
            "line": 114,
            "column": 76
          }
        },
        "type": "cond-expr",
        "locations": [
          {
            "start": {
              "line": 114,
              "column": 54
            },
            "end": {
              "line": 114,
              "column": 63
            }
          },
          {
            "start": {
              "line": 114,
              "column": 66
            },
            "end": {
              "line": 114,
              "column": 76
            }
          }
        ],
        "line": 114
      },
      "12": {
        "loc": {
          "start": {
            "line": 122,
            "column": 31
          },
          "end": {
            "line": 122,
            "column": 76
          }
        },
        "type": "cond-expr",
        "locations": [
          {
            "start": {
              "line": 122,
              "column": 54
            },
            "end": {
              "line": 122,
              "column": 63
            }
          },
          {
            "start": {
              "line": 122,
              "column": 66
            },
            "end": {
              "line": 122,
              "column": 76
            }
          }
        ],
        "line": 122
      },
      "13": {
        "loc": {
          "start": {
            "line": 126,
            "column": 17
          },
          "end": {
            "line": 136,
            "column": 17
          }
        },
        "type": "cond-expr",
        "locations": [
          {
            "start": {
              "line": 127,
              "column": 20
            },
            "end": {
              "line": 133,
              "column": 29
            }
          },
          {
            "start": {
              "line": 135,
              "column": 20
            },
            "end": {
              "line": 135,
              "column": 25
            }
          }
        ],
        "line": 126
      },
      "14": {
        "loc": {
          "start": {
            "line": 131,
            "column": 31
          },
          "end": {
            "line": 131,
            "column": 76
          }
        },
        "type": "cond-expr",
        "locations": [
          {
            "start": {
              "line": 131,
              "column": 54
            },
            "end": {
              "line": 131,
              "column": 63
            }
          },
          {
            "start": {
              "line": 131,
              "column": 66
            },
            "end": {
              "line": 131,
              "column": 76
            }
          }
        ],
        "line": 131
      },
      "15": {
        "loc": {
          "start": {
            "line": 139,
            "column": 13
          },
          "end": {
            "line": 151,
            "column": 13
          }
        },
        "type": "cond-expr",
        "locations": [
          {
            "start": {
              "line": 140,
              "column": 16
            },
            "end": {
              "line": 140,
              "column": 21
            }
          },
          {
            "start": {
              "line": 142,
              "column": 16
            },
            "end": {
              "line": 150,
              "column": 22
            }
          }
        ],
        "line": 139
      },
      "16": {
        "loc": {
          "start": {
            "line": 144,
            "column": 39
          },
          "end": {
            "line": 144,
            "column": 84
          }
        },
        "type": "cond-expr",
        "locations": [
          {
            "start": {
              "line": 144,
              "column": 62
            },
            "end": {
              "line": 144,
              "column": 71
            }
          },
          {
            "start": {
              "line": 144,
              "column": 74
            },
            "end": {
              "line": 144,
              "column": 84
            }
          }
        ],
        "line": 144
      }
    },
    "s": {
      "0": 154,
      "1": 154,
      "2": 154,
      "3": 154,
      "4": 154,
      "5": 154,
      "6": 3,
      "7": 154,
      "8": 154,
      "9": 1,
      "10": 1,
      "11": 1,
      "12": 0,
      "13": 0,
      "14": 1,
      "15": 1,
      "16": 0,
      "17": 0,
      "18": 154,
      "19": 1,
      "20": 1,
      "21": 0,
      "22": 0,
      "23": 0,
      "24": 0,
      "25": 0,
      "26": 0,
      "27": 0,
      "28": 0,
      "29": 0,
      "30": 154,
      "31": 154,
      "32": 11,
      "33": 34,
      "34": 23,
      "35": 6
    },
    "f": {
      "0": 154,
      "1": 3,
      "2": 1,
      "3": 1,
      "4": 11,
      "5": 34,
      "6": 23
    },
    "b": {
      "0": [
        0,
        1
      ],
      "1": [
        0,
        0
      ],
      "2": [
        92,
        62
      ],
      "3": [
        154,
        92
      ],
      "4": [
        92,
        0
      ],
      "5": [
        92,
        0
      ],
      "6": [
        154,
        0
      ],
      "7": [
        154,
        0
      ],
      "8": [
        154,
        0
      ],
      "9": [
        154,
        0
      ],
      "10": [
        92,
        62
      ],
      "11": [
        92,
        0
      ],
      "12": [
        62,
        0
      ],
      "13": [
        92,
        62
      ],
      "14": [
        92,
        0
      ],
      "15": [
        92,
        62
      ],
      "16": [
        62,
        0
      ]
    },
    "_coverageSchema": "1a1c01bbd47fc00a2c39e90264f33305004495a9",
    "hash": "e8f05f8ccc60319c4c7ff6af0caab2d6cbb5585b"
  },
  "D:\\Web\\ReactCourse\\training-react\\src\\pages\\Chat\\PersonInfo.jsx": {
    "path": "D:\\Web\\ReactCourse\\training-react\\src\\pages\\Chat\\PersonInfo.jsx",
    "statementMap": {
      "0": {
        "start": {
          "line": 8,
          "column": 22
        },
        "end": {
          "line": 8,
          "column": 46
        }
      },
      "1": {
        "start": {
          "line": 10,
          "column": 25
        },
        "end": {
          "line": 35,
          "column": 5
        }
      },
      "2": {
        "start": {
          "line": 11,
          "column": 8
        },
        "end": {
          "line": 34,
          "column": 9
        }
      },
      "3": {
        "start": {
          "line": 12,
          "column": 26
        },
        "end": {
          "line": 12,
          "column": 55
        }
      },
      "4": {
        "start": {
          "line": 14,
          "column": 29
        },
        "end": {
          "line": 21,
          "column": 14
        }
      },
      "5": {
        "start": {
          "line": 23,
          "column": 12
        },
        "end": {
          "line": 30,
          "column": 13
        }
      },
      "6": {
        "start": {
          "line": 24,
          "column": 29
        },
        "end": {
          "line": 24,
          "column": 50
        }
      },
      "7": {
        "start": {
          "line": 26,
          "column": 16
        },
        "end": {
          "line": 26,
          "column": 62
        }
      },
      "8": {
        "start": {
          "line": 28,
          "column": 30
        },
        "end": {
          "line": 28,
          "column": 51
        }
      },
      "9": {
        "start": {
          "line": 29,
          "column": 16
        },
        "end": {
          "line": 29,
          "column": 49
        }
      },
      "10": {
        "start": {
          "line": 32,
          "column": 12
        },
        "end": {
          "line": 32,
          "column": 66
        }
      },
      "11": {
        "start": {
          "line": 33,
          "column": 12
        },
        "end": {
          "line": 33,
          "column": 70
        }
      },
      "12": {
        "start": {
          "line": 37,
          "column": 25
        },
        "end": {
          "line": 62,
          "column": 5
        }
      },
      "13": {
        "start": {
          "line": 38,
          "column": 8
        },
        "end": {
          "line": 61,
          "column": 9
        }
      },
      "14": {
        "start": {
          "line": 39,
          "column": 26
        },
        "end": {
          "line": 39,
          "column": 55
        }
      },
      "15": {
        "start": {
          "line": 41,
          "column": 29
        },
        "end": {
          "line": 48,
          "column": 14
        }
      },
      "16": {
        "start": {
          "line": 50,
          "column": 12
        },
        "end": {
          "line": 57,
          "column": 13
        }
      },
      "17": {
        "start": {
          "line": 51,
          "column": 29
        },
        "end": {
          "line": 51,
          "column": 50
        }
      },
      "18": {
        "start": {
          "line": 53,
          "column": 16
        },
        "end": {
          "line": 53,
          "column": 62
        }
      },
      "19": {
        "start": {
          "line": 55,
          "column": 30
        },
        "end": {
          "line": 55,
          "column": 51
        }
      },
      "20": {
        "start": {
          "line": 56,
          "column": 16
        },
        "end": {
          "line": 56,
          "column": 49
        }
      },
      "21": {
        "start": {
          "line": 59,
          "column": 12
        },
        "end": {
          "line": 59,
          "column": 66
        }
      },
      "22": {
        "start": {
          "line": 60,
          "column": 12
        },
        "end": {
          "line": 60,
          "column": 70
        }
      },
      "23": {
        "start": {
          "line": 64,
          "column": 4
        },
        "end": {
          "line": 98,
          "column": 6
        }
      },
      "24": {
        "start": {
          "line": 65,
          "column": 48
        },
        "end": {
          "line": 65,
          "column": 63
        }
      },
      "25": {
        "start": {
          "line": 84,
          "column": 39
        },
        "end": {
          "line": 84,
          "column": 65
        }
      },
      "26": {
        "start": {
          "line": 90,
          "column": 39
        },
        "end": {
          "line": 90,
          "column": 65
        }
      }
    },
    "fnMap": {
      "0": {
        "name": "PersonInfo",
        "decl": {
          "start": {
            "line": 7,
            "column": 9
          },
          "end": {
            "line": 7,
            "column": 19
          }
        },
        "loc": {
          "start": {
            "line": 7,
            "column": 52
          },
          "end": {
            "line": 99,
            "column": 1
          }
        },
        "line": 7
      },
      "1": {
        "name": "(anonymous_1)",
        "decl": {
          "start": {
            "line": 10,
            "column": 25
          },
          "end": {
            "line": 10,
            "column": 26
          }
        },
        "loc": {
          "start": {
            "line": 10,
            "column": 48
          },
          "end": {
            "line": 35,
            "column": 5
          }
        },
        "line": 10
      },
      "2": {
        "name": "(anonymous_2)",
        "decl": {
          "start": {
            "line": 37,
            "column": 25
          },
          "end": {
            "line": 37,
            "column": 26
          }
        },
        "loc": {
          "start": {
            "line": 37,
            "column": 48
          },
          "end": {
            "line": 62,
            "column": 5
          }
        },
        "line": 37
      },
      "3": {
        "name": "(anonymous_3)",
        "decl": {
          "start": {
            "line": 65,
            "column": 42
          },
          "end": {
            "line": 65,
            "column": 43
          }
        },
        "loc": {
          "start": {
            "line": 65,
            "column": 48
          },
          "end": {
            "line": 65,
            "column": 63
          }
        },
        "line": 65
      },
      "4": {
        "name": "(anonymous_4)",
        "decl": {
          "start": {
            "line": 84,
            "column": 33
          },
          "end": {
            "line": 84,
            "column": 34
          }
        },
        "loc": {
          "start": {
            "line": 84,
            "column": 39
          },
          "end": {
            "line": 84,
            "column": 65
          }
        },
        "line": 84
      },
      "5": {
        "name": "(anonymous_5)",
        "decl": {
          "start": {
            "line": 90,
            "column": 33
          },
          "end": {
            "line": 90,
            "column": 34
          }
        },
        "loc": {
          "start": {
            "line": 90,
            "column": 39
          },
          "end": {
            "line": 90,
            "column": 65
          }
        },
        "line": 90
      }
    },
    "branchMap": {
      "0": {
        "loc": {
          "start": {
            "line": 23,
            "column": 12
          },
          "end": {
            "line": 30,
            "column": 13
          }
        },
        "type": "if",
        "locations": [
          {
            "start": {
              "line": 23,
              "column": 12
            },
            "end": {
              "line": 30,
              "column": 13
            }
          },
          {
            "start": {
              "line": 27,
              "column": 19
            },
            "end": {
              "line": 30,
              "column": 13
            }
          }
        ],
        "line": 23
      },
      "1": {
        "loc": {
          "start": {
            "line": 50,
            "column": 12
          },
          "end": {
            "line": 57,
            "column": 13
          }
        },
        "type": "if",
        "locations": [
          {
            "start": {
              "line": 50,
              "column": 12
            },
            "end": {
              "line": 57,
              "column": 13
            }
          },
          {
            "start": {
              "line": 54,
              "column": 19
            },
            "end": {
              "line": 57,
              "column": 13
            }
          }
        ],
        "line": 50
      },
      "2": {
        "loc": {
          "start": {
            "line": 72,
            "column": 48
          },
          "end": {
            "line": 72,
            "column": 77
          }
        },
        "type": "binary-expr",
        "locations": [
          {
            "start": {
              "line": 72,
              "column": 48
            },
            "end": {
              "line": 72,
              "column": 64
            }
          },
          {
            "start": {
              "line": 72,
              "column": 68
            },
            "end": {
              "line": 72,
              "column": 77
            }
          }
        ],
        "line": 72
      },
      "3": {
        "loc": {
          "start": {
            "line": 73,
            "column": 48
          },
          "end": {
            "line": 73,
            "column": 71
          }
        },
        "type": "binary-expr",
        "locations": [
          {
            "start": {
              "line": 73,
              "column": 48
            },
            "end": {
              "line": 73,
              "column": 65
            }
          },
          {
            "start": {
              "line": 73,
              "column": 69
            },
            "end": {
              "line": 73,
              "column": 71
            }
          }
        ],
        "line": 73
      },
      "4": {
        "loc": {
          "start": {
            "line": 75,
            "column": 48
          },
          "end": {
            "line": 75,
            "column": 92
          }
        },
        "type": "binary-expr",
        "locations": [
          {
            "start": {
              "line": 75,
              "column": 48
            },
            "end": {
              "line": 75,
              "column": 66
            }
          },
          {
            "start": {
              "line": 75,
              "column": 70
            },
            "end": {
              "line": 75,
              "column": 92
            }
          }
        ],
        "line": 75
      },
      "5": {
        "loc": {
          "start": {
            "line": 77,
            "column": 41
          },
          "end": {
            "line": 77,
            "column": 83
          }
        },
        "type": "binary-expr",
        "locations": [
          {
            "start": {
              "line": 77,
              "column": 41
            },
            "end": {
              "line": 77,
              "column": 56
            }
          },
          {
            "start": {
              "line": 77,
              "column": 60
            },
            "end": {
              "line": 77,
              "column": 83
            }
          }
        ],
        "line": 77
      },
      "6": {
        "loc": {
          "start": {
            "line": 79,
            "column": 13
          },
          "end": {
            "line": 96,
            "column": 13
          }
        },
        "type": "cond-expr",
        "locations": [
          {
            "start": {
              "line": 80,
              "column": 16
            },
            "end": {
              "line": 93,
              "column": 22
            }
          },
          {
            "start": {
              "line": 95,
              "column": 16
            },
            "end": {
              "line": 95,
              "column": 21
            }
          }
        ],
        "line": 79
      },
      "7": {
        "loc": {
          "start": {
            "line": 83,
            "column": 31
          },
          "end": {
            "line": 83,
            "column": 74
          }
        },
        "type": "cond-expr",
        "locations": [
          {
            "start": {
              "line": 83,
              "column": 52
            },
            "end": {
              "line": 83,
              "column": 61
            }
          },
          {
            "start": {
              "line": 83,
              "column": 64
            },
            "end": {
              "line": 83,
              "column": 74
            }
          }
        ],
        "line": 83
      },
      "8": {
        "loc": {
          "start": {
            "line": 89,
            "column": 31
          },
          "end": {
            "line": 89,
            "column": 74
          }
        },
        "type": "cond-expr",
        "locations": [
          {
            "start": {
              "line": 89,
              "column": 52
            },
            "end": {
              "line": 89,
              "column": 61
            }
          },
          {
            "start": {
              "line": 89,
              "column": 64
            },
            "end": {
              "line": 89,
              "column": 74
            }
          }
        ],
        "line": 89
      }
    },
    "s": {
      "0": 0,
      "1": 0,
      "2": 0,
      "3": 0,
      "4": 0,
      "5": 0,
      "6": 0,
      "7": 0,
      "8": 0,
      "9": 0,
      "10": 0,
      "11": 0,
      "12": 0,
      "13": 0,
      "14": 0,
      "15": 0,
      "16": 0,
      "17": 0,
      "18": 0,
      "19": 0,
      "20": 0,
      "21": 0,
      "22": 0,
      "23": 0,
      "24": 0,
      "25": 0,
      "26": 0
    },
    "f": {
      "0": 0,
      "1": 0,
      "2": 0,
      "3": 0,
      "4": 0,
      "5": 0
    },
    "b": {
      "0": [
        0,
        0
      ],
      "1": [
        0,
        0
      ],
      "2": [
        0,
        0
      ],
      "3": [
        0,
        0
      ],
      "4": [
        0,
        0
      ],
      "5": [
        0,
        0
      ],
      "6": [
        0,
        0
      ],
      "7": [
        0,
        0
      ],
      "8": [
        0,
        0
      ]
    },
    "_coverageSchema": "1a1c01bbd47fc00a2c39e90264f33305004495a9",
    "hash": "c9b2df6a646fc6925d66e549363763fc565e1347"
  },
  "D:\\Web\\ReactCourse\\training-react\\src\\pages\\Chat\\PeopleTab.jsx": {
    "path": "D:\\Web\\ReactCourse\\training-react\\src\\pages\\Chat\\PeopleTab.jsx",
    "statementMap": {
      "0": {
        "start": {
          "line": 10,
          "column": 18
        },
        "end": {
          "line": 10,
          "column": 47
        }
      },
      "1": {
        "start": {
          "line": 12,
          "column": 4
        },
        "end": {
          "line": 15,
          "column": 16
        }
      },
      "2": {
        "start": {
          "line": 13,
          "column": 8
        },
        "end": {
          "line": 13,
          "column": 25
        }
      },
      "3": {
        "start": {
          "line": 14,
          "column": 8
        },
        "end": {
          "line": 14,
          "column": 28
        }
      },
      "4": {
        "start": {
          "line": 17,
          "column": 42
        },
        "end": {
          "line": 17,
          "column": 54
        }
      },
      "5": {
        "start": {
          "line": 18,
          "column": 34
        },
        "end": {
          "line": 18,
          "column": 46
        }
      },
      "6": {
        "start": {
          "line": 19,
          "column": 36
        },
        "end": {
          "line": 19,
          "column": 48
        }
      },
      "7": {
        "start": {
          "line": 20,
          "column": 50
        },
        "end": {
          "line": 20,
          "column": 62
        }
      },
      "8": {
        "start": {
          "line": 22,
          "column": 22
        },
        "end": {
          "line": 22,
          "column": 46
        }
      },
      "9": {
        "start": {
          "line": 25,
          "column": 8
        },
        "end": {
          "line": 25,
          "column": 30
        }
      },
      "10": {
        "start": {
          "line": 27,
          "column": 8
        },
        "end": {
          "line": 36,
          "column": 9
        }
      },
      "11": {
        "start": {
          "line": 28,
          "column": 12
        },
        "end": {
          "line": 35,
          "column": 14
        }
      },
      "12": {
        "start": {
          "line": 31,
          "column": 24
        },
        "end": {
          "line": 33,
          "column": 64
        }
      },
      "13": {
        "start": {
          "line": 39,
          "column": 27
        },
        "end": {
          "line": 66,
          "column": 5
        }
      },
      "14": {
        "start": {
          "line": 40,
          "column": 8
        },
        "end": {
          "line": 65,
          "column": 9
        }
      },
      "15": {
        "start": {
          "line": 41,
          "column": 26
        },
        "end": {
          "line": 41,
          "column": 55
        }
      },
      "16": {
        "start": {
          "line": 43,
          "column": 29
        },
        "end": {
          "line": 49,
          "column": 14
        }
      },
      "17": {
        "start": {
          "line": 51,
          "column": 12
        },
        "end": {
          "line": 61,
          "column": 13
        }
      },
      "18": {
        "start": {
          "line": 52,
          "column": 16
        },
        "end": {
          "line": 52,
          "column": 35
        }
      },
      "19": {
        "start": {
          "line": 54,
          "column": 29
        },
        "end": {
          "line": 54,
          "column": 50
        }
      },
      "20": {
        "start": {
          "line": 56,
          "column": 16
        },
        "end": {
          "line": 56,
          "column": 33
        }
      },
      "21": {
        "start": {
          "line": 57,
          "column": 16
        },
        "end": {
          "line": 57,
          "column": 41
        }
      },
      "22": {
        "start": {
          "line": 59,
          "column": 30
        },
        "end": {
          "line": 59,
          "column": 51
        }
      },
      "23": {
        "start": {
[...]
          }
        },
        "type": "cond-expr",
        "locations": [
          {
            "start": {
              "line": 73,
              "column": 50
            },
            "end": {
              "line": 73,
              "column": 59
            }
          },
          {
            "start": {
              "line": 73,
              "column": 62
            },
            "end": {
              "line": 73,
              "column": 72
            }
          }
        ],
        "line": 73
      },
      "11": {
        "loc": {
          "start": {
            "line": 77,
            "column": 65
          },
          "end": {
            "line": 77,
            "column": 110
          }
        },
        "type": "cond-expr",
        "locations": [
          {
            "start": {
              "line": 77,
              "column": 88
            },
            "end": {
              "line": 77,
              "column": 97
            }
          },
          {
            "start": {
              "line": 77,
              "column": 100
            },
            "end": {
              "line": 77,
              "column": 110
            }
          }
        ],
        "line": 77
      },
      "12": {
        "loc": {
          "start": {
            "line": 78,
            "column": 60
          },
          "end": {
            "line": 78,
            "column": 105
          }
        },
        "type": "cond-expr",
        "locations": [
          {
            "start": {
              "line": 78,
              "column": 83
            },
            "end": {
              "line": 78,
              "column": 92
            }
          },
          {
            "start": {
              "line": 78,
              "column": 95
            },
            "end": {
              "line": 78,
              "column": 105
            }
          }
        ],
        "line": 78
      },
      "13": {
        "loc": {
          "start": {
            "line": 79,
            "column": 43
          },
          "end": {
            "line": 79,
            "column": 88
          }
        },
        "type": "cond-expr",
        "locations": [
          {
            "start": {
              "line": 79,
              "column": 66
            },
            "end": {
              "line": 79,
              "column": 75
            }
          },
          {
            "start": {
              "line": 79,
              "column": 78
            },
            "end": {
              "line": 79,
              "column": 88
            }
          }
        ],
        "line": 79
      },
      "14": {
        "loc": {
          "start": {
            "line": 82,
            "column": 35
          },
          "end": {
            "line": 82,
            "column": 80
          }
        },
        "type": "cond-expr",
        "locations": [
          {
            "start": {
              "line": 82,
              "column": 58
            },
            "end": {
              "line": 82,
              "column": 67
            }
          },
          {
            "start": {
              "line": 82,
              "column": 70
            },
            "end": {
              "line": 82,
              "column": 80
            }
          }
        ],
        "line": 82
      },
      "15": {
        "loc": {
          "start": {
            "line": 87,
            "column": 63
          },
          "end": {
            "line": 87,
            "column": 108
          }
        },
        "type": "cond-expr",
        "locations": [
          {
            "start": {
              "line": 87,
              "column": 86
            },
            "end": {
              "line": 87,
              "column": 95
            }
          },
          {
            "start": {
              "line": 87,
              "column": 98
            },
            "end": {
              "line": 87,
              "column": 108
            }
          }
        ],
        "line": 87
      },
      "16": {
        "loc": {
          "start": {
            "line": 88,
            "column": 43
          },
          "end": {
            "line": 88,
            "column": 88
          }
        },
        "type": "cond-expr",
        "locations": [
          {
            "start": {
              "line": 88,
              "column": 66
            },
            "end": {
              "line": 88,
              "column": 75
            }
          },
          {
            "start": {
              "line": 88,
              "column": 78
            },
            "end": {
              "line": 88,
              "column": 88
            }
          }
        ],
        "line": 88
      },
      "17": {
        "loc": {
          "start": {
            "line": 89,
            "column": 62
          },
          "end": {
            "line": 89,
            "column": 107
          }
        },
        "type": "cond-expr",
        "locations": [
          {
            "start": {
              "line": 89,
              "column": 85
            },
            "end": {
              "line": 89,
              "column": 94
            }
          },
          {
            "start": {
              "line": 89,
              "column": 97
            },
            "end": {
              "line": 89,
              "column": 107
            }
          }
        ],
        "line": 89
      },
      "18": {
        "loc": {
          "start": {
            "line": 92,
            "column": 39
          },
          "end": {
            "line": 92,
            "column": 84
          }
        },
        "type": "cond-expr",
        "locations": [
          {
            "start": {
              "line": 92,
              "column": 62
            },
            "end": {
              "line": 92,
              "column": 71
            }
          },
          {
            "start": {
              "line": 92,
              "column": 74
            },
            "end": {
              "line": 92,
              "column": 84
            }
          }
        ],
        "line": 92
      },
      "19": {
        "loc": {
          "start": {
            "line": 100,
            "column": 35
          },
          "end": {
            "line": 100,
            "column": 80
          }
        },
        "type": "cond-expr",
        "locations": [
          {
            "start": {
              "line": 100,
              "column": 58
            },
            "end": {
              "line": 100,
              "column": 67
            }
          },
          {
            "start": {
              "line": 100,
              "column": 70
            },
            "end": {
              "line": 100,
              "column": 80
            }
          }
        ],
        "line": 100
      },
      "20": {
        "loc": {
          "start": {
            "line": 105,
            "column": 27
          },
          "end": {
            "line": 105,
            "column": 72
          }
        },
        "type": "cond-expr",
        "locations": [
          {
            "start": {
              "line": 105,
              "column": 50
            },
            "end": {
              "line": 105,
              "column": 59
            }
          },
          {
            "start": {
              "line": 105,
              "column": 62
            },
            "end": {
              "line": 105,
              "column": 72
            }
          }
        ],
        "line": 105
      },
      "21": {
        "loc": {
          "start": {
            "line": 110,
            "column": 59
          },
          "end": {
            "line": 110,
            "column": 104
          }
        },
        "type": "cond-expr",
        "locations": [
          {
            "start": {
              "line": 110,
              "column": 82
            },
            "end": {
              "line": 110,
              "column": 91
            }
          },
          {
            "start": {
              "line": 110,
              "column": 94
            },
            "end": {
              "line": 110,
              "column": 104
            }
          }
        ],
        "line": 110
      },
      "22": {
        "loc": {
          "start": {
            "line": 111,
            "column": 71
          },
          "end": {
            "line": 111,
            "column": 116
          }
        },
        "type": "cond-expr",
        "locations": [
          {
            "start": {
              "line": 111,
              "column": 94
            },
            "end": {
              "line": 111,
              "column": 103
            }
          },
          {
            "start": {
              "line": 111,
              "column": 106
            },
            "end": {
              "line": 111,
              "column": 116
            }
          }
        ],
        "line": 111
      },
      "23": {
        "loc": {
          "start": {
            "line": 114,
            "column": 31
          },
          "end": {
            "line": 114,
            "column": 76
          }
        },
        "type": "cond-expr",
        "locations": [
          {
            "start": {
              "line": 114,
              "column": 54
            },
            "end": {
              "line": 114,
              "column": 63
            }
          },
          {
            "start": {
              "line": 114,
              "column": 66
            },
            "end": {
              "line": 114,
              "column": 76
            }
          }
        ],
        "line": 114
      },
      "24": {
        "loc": {
          "start": {
            "line": 115,
            "column": 70
          },
          "end": {
            "line": 115,
            "column": 115
          }
        },
        "type": "cond-expr",
        "locations": [
          {
            "start": {
              "line": 115,
              "column": 93
            },
            "end": {
              "line": 115,
              "column": 102
            }
          },
          {
            "start": {
              "line": 115,
              "column": 105
            },
            "end": {
              "line": 115,
              "column": 115
            }
          }
        ],
        "line": 115
      },
      "25": {
        "loc": {
          "start": {
            "line": 121,
            "column": 27
          },
          "end": {
            "line": 121,
            "column": 72
          }
        },
        "type": "cond-expr",
        "locations": [
          {
            "start": {
              "line": 121,
              "column": 50
            },
            "end": {
              "line": 121,
              "column": 59
            }
          },
          {
            "start": {
              "line": 121,
              "column": 62
            },
            "end": {
              "line": 121,
              "column": 72
            }
          }
        ],
        "line": 121
      }
    },
    "s": {
      "0": 0,
      "1": 0,
      "2": 0,
      "3": 0,
      "4": 0,
      "5": 0,
      "6": 0,
      "7": 0,
      "8": 0,
      "9": 0,
      "10": 0,
      "11": 0,
      "12": 0,
      "13": 0,
      "14": 0,
      "15": 0,
      "16": 0,
      "17": 0,
      "18": 0,
      "19": 0,
      "20": 0,
      "21": 0,
      "22": 0,
      "23": 0
    },
    "f": {
      "0": 0,
      "1": 0,
      "2": 0,
      "3": 0,
      "4": 0,
      "5": 0,
      "6": 0,
      "7": 0,
      "8": 0,
      "9": 0,
      "10": 0,
      "11": 0,
      "12": 0,
      "13": 0,
      "14": 0
    },
    "b": {
      "0": [
        0,
        0
      ],
      "1": [
        0,
        0
      ],
      "2": [
        0,
        0
      ],
      "3": [
        0,
        0
      ],
      "4": [
        0,
        0
      ],
      "5": [
        0,
        0
      ],
      "6": [
        0,
        0
      ],
      "7": [
        0,
        0
      ],
      "8": [
        0,
        0
      ],
      "9": [
        0,
        0
      ],
      "10": [
        0,
        0
      ],
      "11": [
        0,
        0
      ],
      "12": [
        0,
        0
      ],
      "13": [
        0,
        0
      ],
      "14": [
        0,
        0
      ],
      "15": [
        0,
        0
      ],
      "16": [
        0,
        0
      ],
      "17": [
        0,
        0
      ],
      "18": [
        0,
        0
      ],
      "19": [
        0,
        0
      ],
      "20": [
        0,
        0
      ],
      "21": [
        0,
        0
      ],
      "22": [
        0,
        0
      ],
      "23": [
        0,
        0
      ],
      "24": [
        0,
        0
      ],
      "25": [
        0,
        0
      ]
    },
    "_coverageSchema": "1a1c01bbd47fc00a2c39e90264f33305004495a9",
    "hash": "583f17cb32adba50f23bd1465cbebdc5b2fd56e6"
  },
  "D:\\Web\\ReactCourse\\training-react\\src\\App.jsx": {
    "path": "D:\\Web\\ReactCourse\\training-react\\src\\App.jsx",
    "statementMap": {
      "0": {
        "start": {
          "line": 16,
          "column": 22
        },
        "end": {
          "line": 16,
          "column": 46
        }
      },
      "1": {
        "start": {
          "line": 18,
          "column": 4
        },
        "end": {
          "line": 29,
          "column": 6
        }
      }
    },
    "fnMap": {
      "0": {
        "name": "App",
        "decl": {
          "start": {
            "line": 15,
            "column": 9
          },
          "end": {
            "line": 15,
            "column": 12
          }
        },
        "loc": {
          "start": {
            "line": 15,
            "column": 15
          },
          "end": {
            "line": 30,
            "column": 1
          }
        },
        "line": 15
      }
    },
    "branchMap": {
      "0": {
        "loc": {
          "start": {
            "line": 19,
            "column": 47
          },
          "end": {
            "line": 19,
            "column": 92
          }
        },
        "type": "cond-expr",
        "locations": [
          {
            "start": {
              "line": 19,
              "column": 70
            },
            "end": {
              "line": 19,
              "column": 79
            }
          },
          {
            "start": {
              "line": 19,
              "column": 82
            },
            "end": {
              "line": 19,
              "column": 92
            }
          }
        ],
        "line": 19
      }
    },
    "s": {
      "0": 12,
      "1": 12
    },
    "f": {
      "0": 12
    },
    "b": {
      "0": [
        12,
        0
      ]
    },
    "_coverageSchema": "1a1c01bbd47fc00a2c39e90264f33305004495a9",
    "hash": "deb1110d74f08e3462ca4c7a4708f4d7f6780c0e"
  },
  "D:\\Web\\ReactCourse\\training-react\\src\\reportWebVitals.js": {
    "path": "D:\\Web\\ReactCourse\\training-react\\src\\reportWebVitals.js",
    "statementMap": {
      "0": {
        "start": {
          "line": 1,
          "column": 24
        },
        "end": {
          "line": 11,
          "column": 1
        }
      },
      "1": {
        "start": {
          "line": 2,
          "column": 4
        },
        "end": {
          "line": 10,
          "column": 5
        }
      },
      "2": {
        "start": {
          "line": 3,
          "column": 8
        },
        "end": {
          "line": 9,
          "column": 11
        }
      },
      "3": {
        "start": {
          "line": 4,
          "column": 12
        },
        "end": {
          "line": 4,
          "column": 32
        }
      },
      "4": {
        "start": {
          "line": 5,
          "column": 12
        },
        "end": {
          "line": 5,
          "column": 32
        }
      },
      "5": {
        "start": {
          "line": 6,
          "column": 12
        },
        "end": {
          "line": 6,
          "column": 32
        }
      },
      "6": {
        "start": {
          "line": 7,
          "column": 12
        },
        "end": {
          "line": 7,
          "column": 32
        }
      },
      "7": {
        "start": {
          "line": 8,
          "column": 12
        },
        "end": {
          "line": 8,
          "column": 33
        }
      }
    },
    "fnMap": {
      "0": {
        "name": "(anonymous_0)",
        "decl": {
          "start": {
            "line": 1,
            "column": 24
          },
          "end": {
            "line": 1,
            "column": 25
          }
        },
        "loc": {
          "start": {
            "line": 1,
            "column": 41
          },
          "end": {
            "line": 11,
            "column": 1
          }
        },
        "line": 1
      },
      "1": {
        "name": "(anonymous_1)",
        "decl": {
          "start": {
            "line": 3,
            "column": 34
          },
          "end": {
            "line": 3,
            "column": 35
          }
        },
        "loc": {
          "start": {
            "line": 3,
            "column": 83
          },
          "end": {
            "line": 9,
            "column": 9
          }
        },
        "line": 3
      }
    },
    "branchMap": {
      "0": {
        "loc": {
          "start": {
            "line": 2,
            "column": 4
          },
          "end": {
            "line": 10,
            "column": 5
          }
        },
        "type": "if",
        "locations": [
          {
            "start": {
              "line": 2,
              "column": 4
            },
            "end": {
              "line": 10,
              "column": 5
            }
          },
          {
            "start": {},
            "end": {}
          }
        ],
        "line": 2
      },
      "1": {
        "loc": {
          "start": {
            "line": 2,
            "column": 8
          },
          "end": {
            "line": 2,
            "column": 54
          }
        },
        "type": "binary-expr",
        "locations": [
          {
            "start": {
              "line": 2,
              "column": 8
            },
            "end": {
              "line": 2,
              "column": 19
            }
          },
          {
            "start": {
              "line": 2,
              "column": 23
            },
            "end": {
              "line": 2,
              "column": 54
            }
          }
        ],
        "line": 2
      }
    },
    "s": {
      "0": 6,
      "1": 6,
      "2": 0,
      "3": 0,
      "4": 0,
      "5": 0,
      "6": 0,
      "7": 0
    },
    "f": {
      "0": 6,
      "1": 0
    },
    "b": {
      "0": [
        0,
        6
      ],
      "1": [
        6,
        0
      ]
    },
    "_coverageSchema": "1a1c01bbd47fc00a2c39e90264f33305004495a9",
    "hash": "ad889a60bd081d5cd2629691a57f466daff85123"
  },
  "D:\\Web\\ReactCourse\\training-react\\src\\index.js": {
    "path": "D:\\Web\\ReactCourse\\training-react\\src\\index.js",
    "statementMap": {
      "0": {
        "start": {
          "line": 9,
          "column": 13
        },
        "end": {
          "line": 9,
          "column": 65
        }
      },
      "1": {
        "start": {
          "line": 10,
          "column": 0
        },
        "end": {
          "line": 18,
          "column": 2
        }
      },
      "2": {
        "start": {
          "line": 20,
          "column": 0
        },
        "end": {
          "line": 20,
          "column": 18
        }
      }
    },
    "fnMap": {},
    "branchMap": {},
    "s": {
      "0": 6,
      "1": 6,
      "2": 6
    },
    "f": {},
    "b": {},
    "_coverageSchema": "1a1c01bbd47fc00a2c39e90264f33305004495a9",
    "hash": "c8f28bcc4e44bedc1403f07c910d388e3ec570fd"
  }
}