{
  "D:\\Web\\ReactCourse\\training-react\\src\\components\\themes.js": {
    "path": "D:\\Web\\ReactCourse\\training-react\\src\\components\\themes.js",
    "statementMap": {
      "0": {
        "start": {
          "line": 1,
          "column": 26
        },
        "end": {
          "line": 8,
          "column": 1
        }
      },
      "1": {
        "start": {
          "line": 10,
          "column": 25
        },
        "end": {
          "line": 17,
          "column": 1
        }
      }
    },
    "fnMap": {},
    "branchMap": {},
    "s": {
      "0": 14,
      "1": 14
    },
    "f": {},
    "b": {},
    "_coverageSchema": "1a1c01bbd47fc00a2c39e90264f33305004495a9",
    "hash": "0939658bcbcffcfcb1b690eee12f5e1fb922e192"
  },
  "D:\\Web\\ReactCourse\\training-react\\src\\components\\styled-components.js": {
    "path": "D:\\Web\\ReactCourse\\training-react\\src\\components\\styled-components.js",
    "statementMap": {
      "0": {
        "start": {
          "line": 3,
          "column": 20
        },
        "end": {
          "line": 5,
          "column": 1
        }
      },
      "1": {
        "start": {
          "line": 4,
          "column": 39
        },
        "end": {
          "line": 4,
          "column": 49
        }
      },
      "2": {
        "start": {
          "line": 7,
          "column": 25
        },
        "end": {
          "line": 10,
          "column": 1
        }
      },
      "3": {
        "start": {
          "line": 8,
          "column": 39
        },
        "end": {
          "line": 8,
          "column": 56
        }
      },
      "4": {
        "start": {
          "line": 9,
          "column": 28
        },
        "end": {
          "line": 9,
          "column": 43
        }
      },
      "5": {
        "start": {
          "line": 12,
          "column": 22
        },
        "end": {
          "line": 15,
          "column": 1
        }
      },
      "6": {
        "start": {
          "line": 13,
          "column": 39
        },
        "end": {
          "line": 13,
          "column": 50
        }
      },
      "7": {
        "start": {
          "line": 14,
          "column": 28
        },
        "end": {
          "line": 14,
          "column": 41
        }
      },
      "8": {
        "start": {
          "line": 17,
          "column": 26
        },
        "end": {
          "line": 19,
          "column": 1
        }
      },
      "9": {
        "start": {
          "line": 18,
          "column": 28
        },
        "end": {
          "line": 18,
          "column": 43
        }
      },
      "10": {
        "start": {
          "line": 21,
          "column": 26
        },
        "end": {
          "line": 24,
          "column": 1
        }
      },
      "11": {
        "start": {
          "line": 22,
          "column": 39
        },
        "end": {
          "line": 22,
          "column": 52
        }
      },
      "12": {
        "start": {
          "line": 23,
          "column": 28
        },
        "end": {
          "line": 23,
          "column": 43
        }
      }
    },
    "fnMap": {
      "0": {
        "name": "(anonymous_0)",
        "decl": {
          "start": {
            "line": 4,
            "column": 24
          },
          "end": {
            "line": 4,
            "column": 25
          }
        },
        "loc": {
          "start": {
            "line": 4,
            "column": 39
          },
          "end": {
            "line": 4,
            "column": 49
          }
        },
        "line": 4
      },
      "1": {
        "name": "(anonymous_1)",
        "decl": {
          "start": {
            "line": 8,
            "column": 24
          },
          "end": {
            "line": 8,
            "column": 25
          }
        },
        "loc": {
          "start": {
            "line": 8,
            "column": 39
          },
          "end": {
            "line": 8,
            "column": 56
          }
        },
        "line": 8
      },
      "2": {
        "name": "(anonymous_2)",
        "decl": {
          "start": {
            "line": 9,
            "column": 13
          },
          "end": {
            "line": 9,
            "column": 14
          }
        },
        "loc": {
          "start": {
            "line": 9,
            "column": 28
          },
          "end": {
            "line": 9,
            "column": 43
          }
        },
        "line": 9
      },
      "3": {
        "name": "(anonymous_3)",
        "decl": {
          "start": {
            "line": 13,
            "column": 24
          },
          "end": {
            "line": 13,
            "column": 25
          }
        },
        "loc": {
          "start": {
            "line": 13,
            "column": 39
          },
          "end": {
            "line": 13,
            "column": 50
          }
        },
        "line": 13
      },
      "4": {
        "name": "(anonymous_4)",
        "decl": {
          "start": {
            "line": 14,
            "column": 13
          },
          "end": {
            "line": 14,
            "column": 14
          }
        },
        "loc": {
          "start": {
            "line": 14,
            "column": 28
          },
          "end": {
            "line": 14,
            "column": 41
          }
        },
        "line": 14
      },
      "5": {
        "name": "(anonymous_5)",
        "decl": {
          "start": {
            "line": 18,
            "column": 13
          },
          "end": {
            "line": 18,
            "column": 14
          }
        },
        "loc": {
          "start": {
            "line": 18,
            "column": 28
          },
          "end": {
            "line": 18,
            "column": 43
          }
        },
        "line": 18
      },
      "6": {
        "name": "(anonymous_6)",
        "decl": {
          "start": {
            "line": 22,
            "column": 24
          },
          "end": {
            "line": 22,
            "column": 25
          }
        },
        "loc": {
          "start": {
            "line": 22,
            "column": 39
          },
          "end": {
            "line": 22,
            "column": 52
          }
        },
        "line": 22
      },
      "7": {
        "name": "(anonymous_7)",
        "decl": {
          "start": {
            "line": 23,
            "column": 13
          },
          "end": {
            "line": 23,
            "column": 14
          }
        },
        "loc": {
          "start": {
            "line": 23,
            "column": 28
          },
          "end": {
            "line": 23,
            "column": 43
          }
        },
        "line": 23
      }
    },
    "branchMap": {},
    "s": {
      "0": 14,
      "1": 380,
      "2": 14,
      "3": 370,
      "4": 370,
      "5": 14,
      "6": 836,
      "7": 836,
      "8": 14,
      "9": 462,
      "10": 14,
      "11": 638,
      "12": 638
    },
    "f": {
      "0": 380,
      "1": 370,
      "2": 370,
      "3": 836,
      "4": 836,
      "5": 462,
      "6": 638,
      "7": 638
    },
    "b": {},
    "_coverageSchema": "1a1c01bbd47fc00a2c39e90264f33305004495a9",
    "hash": "9b07ce9a1cd91b3f80074e7db7c5f233a0c4c31c"
  },
  "D:\\Web\\ReactCourse\\training-react\\src\\ThemeContext.js": {
    "path": "D:\\Web\\ReactCourse\\training-react\\src\\ThemeContext.js",
    "statementMap": {
      "0": {
        "start": {
          "line": 3,
          "column": 28
        },
        "end": {
          "line": 3,
          "column": 54
        }
      },
      "1": {
        "start": {
          "line": 5,
          "column": 29
        },
        "end": {
          "line": 13,
          "column": 1
        }
      },
      "2": {
        "start": {
          "line": 6,
          "column": 30
        },
        "end": {
          "line": 6,
          "column": 115
        }
      },
      "3": {
        "start": {
          "line": 8,
          "column": 24
        },
        "end": {
          "line": 10,
          "column": 5
        }
      },
      "4": {
        "start": {
          "line": 9,
          "column": 8
        },
        "end": {
          "line": 9,
          "column": 91
        }
      },
      "5": {
        "start": {
          "line": 9,
          "column": 33
        },
        "end": {
          "line": 9,
          "column": 88
        }
      },
      "6": {
        "start": {
          "line": 12,
          "column": 4
        },
        "end": {
          "line": 12,
          "column": 100
        }
      }
    },
    "fnMap": {
      "0": {
        "name": "(anonymous_0)",
        "decl": {
          "start": {
            "line": 5,
            "column": 29
          },
          "end": {
            "line": 5,
            "column": 30
          }
        },
        "loc": {
          "start": {
            "line": 5,
            "column": 47
          },
          "end": {
            "line": 13,
            "column": 1
          }
        },
        "line": 5
      },
      "1": {
        "name": "(anonymous_1)",
        "decl": {
          "start": {
            "line": 8,
            "column": 24
          },
          "end": {
            "line": 8,
            "column": 25
          }
        },
        "loc": {
          "start": {
            "line": 8,
            "column": 30
          },
          "end": {
            "line": 10,
            "column": 5
          }
        },
        "line": 8
      },
      "2": {
        "name": "(anonymous_2)",
        "decl": {
          "start": {
            "line": 9,
            "column": 17
          },
          "end": {
            "line": 9,
            "column": 18
          }
        },
        "loc": {
          "start": {
            "line": 9,
            "column": 33
          },
          "end": {
            "line": 9,
            "column": 88
          }
        },
        "line": 9
      }
    },
    "branchMap": {
      "0": {
        "loc": {
          "start": {
            "line": 6,
            "column": 39
          },
          "end": {
            "line": 6,
            "column": 114
          }
        },
        "type": "cond-expr",
        "locations": [
          {
            "start": {
              "line": 6,
              "column": 71
            },
            "end": {
              "line": 6,
              "column": 100
            }
          },
          {
            "start": {
              "line": 6,
              "column": 103
            },
            "end": {
              "line": 6,
              "column": 114
            }
          }
        ],
        "line": 6
      },
      "1": {
        "loc": {
          "start": {
            "line": 9,
            "column": 33
          },
          "end": {
            "line": 9,
            "column": 88
          }
        },
        "type": "cond-expr",
        "locations": [
          {
            "start": {
              "line": 9,
              "column": 62
            },
            "end": {
              "line": 9,
              "column": 73
            }
          },
          {
            "start": {
              "line": 9,
              "column": 76
            },
            "end": {
              "line": 9,
              "column": 88
            }
          }
        ],
        "line": 9
      }
    },
    "s": {
      "0": 14,
      "1": 14,
      "2": 28,
      "3": 28,
      "4": 0,
      "5": 0,
      "6": 28
    },
    "f": {
      "0": 28,
      "1": 0,
      "2": 0
    },
    "b": {
      "0": [
        0,
        28
      ],
      "1": [
        0,
        0
      ]
    },
    "_coverageSchema": "1a1c01bbd47fc00a2c39e90264f33305004495a9",
    "hash": "74f73ac54e2e6c347719f7c22b98524191557554"
  },
  "D:\\Web\\ReactCourse\\training-react\\src\\pages\\ResetPassword\\ResetPassword.jsx": {
    "path": "D:\\Web\\ReactCourse\\training-react\\src\\pages\\ResetPassword\\ResetPassword.jsx",
    "statementMap": {
      "0": {
        "start": {
          "line": 11,
          "column": 19
        },
        "end": {
          "line": 11,
          "column": 30
        }
      },
      "1": {
        "start": {
          "line": 13,
          "column": 22
        },
        "end": {
          "line": 13,
          "column": 46
        }
      },
      "2": {
        "start": {
          "line": 14,
          "column": 35
        },
        "end": {
          "line": 14,
          "column": 47
        }
      },
      "3": {
        "start": {
          "line": 16,
          "column": 42
        },
        "end": {
          "line": 16,
          "column": 54
        }
      },
      "4": {
        "start": {
          "line": 17,
          "column": 50
        },
        "end": {
          "line": 17,
          "column": 62
        }
      },
      "5": {
        "start": {
          "line": 19,
          "column": 21
        },
        "end": {
          "line": 19,
          "column": 34
        }
      },
      "6": {
        "start": {
          "line": 21,
          "column": 27
        },
        "end": {
          "line": 40,
          "column": 5
        }
      },
      "7": {
        "start": {
          "line": 22,
          "column": 8
        },
        "end": {
          "line": 39,
          "column": 9
        }
      },
      "8": {
        "start": {
          "line": 23,
          "column": 29
        },
        "end": {
          "line": 31,
          "column": 14
        }
      },
      "9": {
        "start": {
          "line": 32,
          "column": 12
        },
        "end": {
          "line": 32,
          "column": 39
        }
      },
      "10": {
        "start": {
          "line": 33,
          "column": 12
        },
        "end": {
          "line": 35,
          "column": 13
        }
      },
      "11": {
        "start": {
          "line": 34,
          "column": 29
        },
        "end": {
          "line": 34,
          "column": 50
        }
      },
      "12": {
        "start": {
          "line": 37,
          "column": 12
        },
        "end": {
          "line": 37,
          "column": 39
        }
      },
      "13": {
        "start": {
          "line": 38,
          "column": 12
        },
        "end": {
          "line": 38,
          "column": 54
        }
      },
      "14": {
        "start": {
          "line": 42,
          "column": 27
        },
        "end": {
          "line": 61,
          "column": 5
        }
      },
      "15": {
        "start": {
          "line": 43,
          "column": 8
        },
        "end": {
          "line": 60,
          "column": 9
        }
      },
      "16": {
        "start": {
          "line": 44,
          "column": 29
        },
        "end": {
          "line": 52,
          "column": 14
        }
      },
      "17": {
        "start": {
          "line": 53,
          "column": 12
        },
        "end": {
          "line": 53,
          "column": 26
        }
      },
      "18": {
        "start": {
          "line": 54,
          "column": 12
        },
        "end": {
          "line": 56,
          "column": 13
        }
      },
      "19": {
        "start": {
          "line": 55,
          "column": 29
        },
        "end": {
          "line": 55,
          "column": 50
        }
      },
      "20": {
        "start": {
          "line": 58,
          "column": 12
        },
        "end": {
          "line": 58,
          "column": 26
        }
      },
      "21": {
        "start": {
          "line": 59,
          "column": 12
        },
        "end": {
          "line": 59,
          "column": 54
        }
      },
      "22": {
        "start": {
          "line": 63,
          "column": 4
        },
        "end": {
          "line": 138,
          "column": 6
        }
      },
      "23": {
        "start": {
          "line": 77,
          "column": 49
        },
        "end": {
          "line": 77,
          "column": 78
        }
      },
      "24": {
        "start": {
          "line": 87,
          "column": 47
        },
        "end": {
          "line": 87,
          "column": 63
        }
      },
      "25": {
        "start": {
          "line": 95,
          "column": 47
        },
        "end": {
          "line": 95,
          "column": 60
        }
      },
      "26": {
        "start": {
          "line": 106,
          "column": 49
        },
        "end": {
          "line": 106,
          "column": 79
        }
      },
      "27": {
        "start": {
          "line": 118,
          "column": 49
        },
        "end": {
          "line": 118,
          "column": 83
        }
      },
      "28": {
        "start": {
          "line": 128,
          "column": 48
        },
        "end": {
          "line": 128,
          "column": 110
        }
      }
    },
    "fnMap": {
      "0": {
        "name": "ResetPasswordComponent",
        "decl": {
          "start": {
            "line": 10,
            "column": 9
          },
          "end": {
            "line": 10,
            "column": 31
          }
        },
        "loc": {
          "start": {
            "line": 10,
            "column": 49
          },
          "end": {
            "line": 139,
            "column": 1
          }
        },
        "line": 10
      },
      "1": {
        "name": "(anonymous_1)",
        "decl": {
          "start": {
            "line": 21,
            "column": 27
          },
          "end": {
            "line": 21,
            "column": 28
          }
        },
        "loc": {
          "start": {
            "line": 21,
            "column": 39
          },
          "end": {
            "line": 40,
            "column": 5
          }
        },
        "line": 21
      },
      "2": {
        "name": "(anonymous_2)",
        "decl": {
          "start": {
            "line": 42,
            "column": 27
          },
          "end": {
            "line": 42,
            "column": 28
          }
        },
        "loc": {
          "start": {
            "line": 42,
            "column": 39
          },
          "end": {
            "line": 61,
            "column": 5
          }
        },
        "line": 42
      },
      "3": {
        "name": "(anonymous_3)",
        "decl": {
          "start": {
            "line": 77,
            "column": 42
          },
          "end": {
            "line": 77,
            "column": 43
          }
        },
        "loc": {
          "start": {
            "line": 77,
            "column": 49
          },
          "end": {
            "line": 77,
            "column": 78
          }
        },
        "line": 77
      },
      "4": {
        "name": "(anonymous_4)",
        "decl": {
          "start": {
            "line": 87,
            "column": 41
          },
          "end": {
            "line": 87,
            "column": 42
          }
        },
        "loc": {
          "start": {
            "line": 87,
            "column": 47
          },
          "end": {
            "line": 87,
            "column": 63
          }
        },
        "line": 87
      },
      "5": {
        "name": "(anonymous_5)",
        "decl": {
          "start": {
            "line": 95,
            "column": 41
          },
          "end": {
            "line": 95,
            "column": 42
          }
        },
        "loc": {
          "start": {
            "line": 95,
            "column": 47
          },
          "end": {
            "line": 95,
            "column": 60
          }
        },
        "line": 95
      },
      "6": {
        "name": "(anonymous_6)",
        "decl": {
          "start": {
            "line": 106,
            "column": 42
          },
          "end": {
            "line": 106,
            "column": 43
          }
        },
        "loc": {
          "start": {
            "line": 106,
            "column": 49
          },
          "end": {
            "line": 106,
            "column": 79
          }
        },
        "line": 106
      },
      "7": {
        "name": "(anonymous_7)",
        "decl": {
          "start": {
            "line": 118,
            "column": 42
          },
          "end": {
            "line": 118,
            "column": 43
          }
        },
        "loc": {
          "start": {
            "line": 118,
            "column": 49
          },
          "end": {
            "line": 118,
            "column": 83
          }
        },
        "line": 118
      },
      "8": {
        "name": "(anonymous_8)",
        "decl": {
          "start": {
            "line": 128,
            "column": 41
          },
          "end": {
            "line": 128,
            "column": 42
          }
        },
        "loc": {
          "start": {
            "line": 128,
            "column": 48
          },
          "end": {
            "line": 128,
            "column": 110
          }
        },
        "line": 128
      }
    },
    "branchMap": {
      "0": {
        "loc": {
          "start": {
            "line": 33,
            "column": 12
          },
          "end": {
            "line": 35,
            "column": 13
          }
        },
        "type": "if",
        "locations": [
          {
            "start": {
              "line": 33,
              "column": 12
            },
            "end": {
              "line": 35,
              "column": 13
            }
          },
          {
            "start": {},
            "end": {}
          }
        ],
        "line": 33
      },
      "1": {
        "loc": {
          "start": {
            "line": 54,
            "column": 12
          },
          "end": {
            "line": 56,
            "column": 13
          }
        },
        "type": "if",
        "locations": [
          {
            "start": {
              "line": 54,
              "column": 12
            },
            "end": {
              "line": 56,
              "column": 13
            }
          },
          {
            "start": {},
            "end": {}
          }
        ],
        "line": 54
      },
      "2": {
        "loc": {
          "start": {
            "line": 64,
            "column": 24
          },
          "end": {
            "line": 64,
            "column": 95
          }
        },
        "type": "cond-expr",
        "locations": [
          {
            "start": {
              "line": 64,
              "column": 38
            },
            "end": {
              "line": 64,
              "column": 64
            }
          },
          {
            "start": {
              "line": 64,
              "column": 67
            },
            "end": {
              "line": 64,
              "column": 95
            }
          }
        ],
        "line": 64
      },
      "3": {
        "loc": {
          "start": {
            "line": 65,
            "column": 13
          },
          "end": {
            "line": 65,
            "column": 117
          }
        },
        "type": "cond-expr",
        "locations": [
          {
            "start": {
              "line": 65,
              "column": 27
            },
            "end": {
              "line": 65,
              "column": 71
            }
          },
          {
            "start": {
              "line": 65,
              "column": 74
            },
            "end": {
              "line": 65,
              "column": 117
            }
          }
        ],
        "line": 65
      },
      "4": {
        "loc": {
          "start": {
            "line": 67,
            "column": 54
          },
          "end": {
            "line": 67,
            "column": 99
          }
        },
        "type": "cond-expr",
        "locations": [
          {
            "start": {
              "line": 67,
              "column": 77
            },
            "end": {
              "line": 67,
              "column": 86
            }
          },
          {
            "start": {
              "line": 67,
              "column": 89
            },
            "end": {
              "line": 67,
              "column": 99
            }
          }
        ],
        "line": 67
      },
      "5": {
        "loc": {
          "start": {
            "line": 69,
            "column": 21
          },
          "end": {
            "line": 134,
            "column": 21
          }
        },
        "type": "cond-expr",
        "locations": [
          {
            "start": {
              "line": 70,
              "column": 24
            },
            "end": {
              "line": 100,
              "column": 27
            }
          },
          {
            "start": {
              "line": 102,
              "column": 24
            },
            "end": {
              "line": 133,
              "column": 27
            }
          }
        ],
        "line": 69
      },
      "6": {
        "loc": {
          "start": {
            "line": 71,
            "column": 47
          },
          "end": {
            "line": 71,
            "column": 92
          }
        },
        "type": "cond-expr",
        "locations": [
          {
            "start": {
              "line": 71,
              "column": 70
            },
            "end": {
              "line": 71,
              "column": 79
            }
          },
          {
            "start": {
              "line": 71,
              "column": 82
            },
            "end": {
              "line": 71,
              "column": 92
            }
          }
        ],
        "line": 71
      },
      "7": {
        "loc": {
          "start": {
            "line": 80,
            "column": 39
          },
          "end": {
            "line": 80,
            "column": 84
          }
        },
        "type": "cond-expr",
        "locations": [
          {
            "start": {
              "line": 80,
              "column": 62
            },
            "end": {
              "line": 80,
              "column": 71
            }
          },
          {
            "start": {
              "line": 80,
              "column": 74
            },
            "end": {
              "line": 80,
              "column": 84
            }
          }
        ],
        "line": 80
      },
      "8": {
        "loc": {
          "start": {
            "line": 88,
            "column": 39
          },
          "end": {
            "line": 88,
            "column": 84
          }
        },
        "type": "cond-expr",
        "locations": [
          {
            "start": {
              "line": 88,
              "column": 62
            },
            "end": {
              "line": 88,
              "column": 71
            }
          },
          {
            "start": {
              "line": 88,
              "column": 74
            },
            "end": {
              "line": 88,
              "column": 84
            }
          }
        ],
        "line": 88
      },
      "9": {
        "loc": {
          "start": {
            "line": 96,
            "column": 39
          },
          "end": {
            "line": 96,
            "column": 84
          }
        },
        "type": "cond-expr",
        "locations": [
          {
            "start": {
              "line": 96,
              "column": 62
            },
            "end": {
              "line": 96,
              "column": 71
            }
          },
          {
            "start": {
              "line": 96,
              "column": 74
            },
            "end": {
              "line": 96,
              "column": 84
            }
          }
        ],
        "line": 96
      },
      "10": {
        "loc": {
          "start": {
            "line": 103,
            "column": 47
          },
          "end": {
            "line": 103,
            "column": 92
          }
        },
        "type": "cond-expr",
        "locations": [
          {
            "start": {
              "line": 103,
              "column": 70
            },
            "end": {
              "line": 103,
              "column": 79
            }
          },
          {
            "start": {
              "line": 103,
              "column": 82
            },
            "end": {
              "line": 103,
              "column": 92
            }
          }
        ],
        "line": 103
      },
      "11": {
        "loc": {
          "start": {
            "line": 109,
            "column": 39
          },
          "end": {
            "line": 109,
            "column": 84
          }
        },
        "type": "cond-expr",
        "locations": [
          {
            "start": {
              "line": 109,
              "column": 62
            },
            "end": {
              "line": 109,
              "column": 71
            }
          },
          {
            "start": {
              "line": 109,
              "column": 74
            },
            "end": {
              "line": 109,
              "column": 84
            }
          }
        ],
        "line": 109
      },
      "12": {
        "loc": {
          "start": {
            "line": 113,
            "column": 47
          },
          "end": {
            "line": 113,
            "column": 92
          }
        },
        "type": "cond-expr",
        "locations": [
          {
            "start": {
              "line": 113,
              "column": 70
            },
            "end": {
              "line": 113,
              "column": 79
            }
          },
          {
            "start": {
              "line": 113,
              "column": 82
            },
            "end": {
              "line": 113,
              "column": 92
            }
          }
        ],
        "line": 113
      },
      "13": {
        "loc": {
          "start": {
            "line": 121,
            "column": 39
          },
          "end": {
            "line": 121,
            "column": 84
          }
        },
        "type": "cond-expr",
        "locations": [
          {
            "start": {
              "line": 121,
              "column": 62
            },
            "end": {
              "line": 121,
              "column": 71
            }
          },
          {
            "start": {
              "line": 121,
              "column": 74
            },
            "end": {
              "line": 121,
              "column": 84
            }
          }
        ],
        "line": 121
      },
      "14": {
        "loc": {
          "start": {
            "line": 128,
            "column": 48
          },
          "end": {
            "line": 128,
            "column": 110
          }
        },
        "type": "cond-expr",
        "locations": [
          {
            "start": {
              "line": 128,
              "column": 82
            },
            "end": {
              "line": 128,
              "column": 98
            }
          },
          {
            "start": {
              "line": 128,
              "column": 101
            },
            "end": {
              "line": 128,
              "column": 110
            }
          }
        ],
        "line": 128
      },
      "15": {
        "loc": {
          "start": {
            "line": 129,
            "column": 39
          },
          "end": {
            "line": 129,
            "column": 84
          }
        },
        "type": "cond-expr",
        "locations": [
          {
            "start": {
              "line": 129,
              "column": 62
            },
            "end": {
              "line": 129,
              "column": 71
            }
          },
          {
            "start": {
              "line": 129,
              "column": 74
            },
            "end": {
              "line": 129,
              "column": 84
            }
          }
        ],
        "line": 129
      }
    },
    "s": {
      "0": 0,
      "1": 0,
      "2": 0,
      "3": 0,
      "4": 0,
      "5": 0,
      "6": 0,
      "7": 0,
      "8": 0,
      "9": 0,
      "10": 0,
      "11": 0,
      "12": 0,
      "13": 0,
      "14": 0,
      "15": 0,
      "16": 0,
      "17": 0,
      "18": 0,
      "19": 0,
      "20": 0,
      "21": 0,
      "22": 0,
      "23": 0,
      "24": 0,
      "25": 0,
      "26": 0,
      "27": 0,
      "28": 0
    },
    "f": {
      "0": 0,
      "1": 0,
      "2": 0,
      "3": 0,
      "4": 0,
      "5": 0,
      "6": 0,
      "7": 0,
      "8": 0
    },
    "b": {
      "0": [
        0,
        0
      ],
      "1": [
        0,
        0
      ],
      "2": [
        0,
        0
      ],
      "3": [
        0,
        0
      ],
      "4": [
        0,
        0
      ],
      "5": [
        0,
        0
      ],
      "6": [
        0,
        0
      ],
      "7": [
        0,
        0
      ],
      "8": [
        0,
        0
      ],
      "9": [
        0,
        0
      ],
      "10": [
        0,
        0
      ],
      "11": [
        0,
        0
      ],
      "12": [
        0,
        0
      ],
      "13": [
        0,
        0
      ],
      "14": [
        0,
        0
      ],
      "15": [
        0,
        0
      ]
    },
    "_coverageSchema": "1a1c01bbd47fc00a2c39e90264f33305004495a9",
    "hash": "df38e40b70822e38961305a1c9232b6eb43eeb06"
  },
  "D:\\Web\\ReactCourse\\training-react\\src\\pages\\OneMoreStep\\OneMoreStep.jsx": {
    "path": "D:\\Web\\ReactCourse\\training-react\\src\\pages\\OneMoreStep\\OneMoreStep.jsx",
    "statementMap": {
      "0": {
        "start": {
          "line": 10,
          "column": 22
        },
        "end": {
          "line": 10,
          "column": 46
        }
      },
      "1": {
        "start": {
          "line": 12,
          "column": 21
        },
        "end": {
          "line": 12,
          "column": 34
        }
      },
      "2": {
        "start": {
          "line": 14,
          "column": 4
        },
        "end": {
          "line": 35,
          "column": 6
        }
      },
      "3": {
        "start": {
          "line": 27,
          "column": 39
        },
        "end": {
          "line": 27,
          "column": 52
        }
      }
    },
    "fnMap": {
      "0": {
        "name": "OneMoreStepComponent",
        "decl": {
          "start": {
            "line": 9,
            "column": 9
          },
          "end": {
            "line": 9,
            "column": 29
          }
        },
        "loc": {
          "start": {
            "line": 9,
            "column": 32
          },
          "end": {
            "line": 36,
            "column": 1
          }
        },
        "line": 9
      },
      "1": {
        "name": "(anonymous_1)",
        "decl": {
          "start": {
            "line": 27,
            "column": 33
          },
          "end": {
            "line": 27,
            "column": 34
          }
        },
        "loc": {
          "start": {
            "line": 27,
            "column": 39
          },
          "end": {
            "line": 27,
            "column": 52
          }
        },
        "line": 27
      }
    },
    "branchMap": {
      "0": {
        "loc": {
          "start": {
            "line": 18,
            "column": 54
          },
          "end": {
            "line": 18,
            "column": 99
          }
        },
        "type": "cond-expr",
        "locations": [
          {
            "start": {
              "line": 18,
              "column": 77
            },
            "end": {
              "line": 18,
              "column": 86
            }
          },
          {
            "start": {
              "line": 18,
              "column": 89
            },
            "end": {
              "line": 18,
              "column": 99
            }
          }
        ],
        "line": 18
      },
      "1": {
        "loc": {
          "start": {
            "line": 20,
            "column": 39
          },
          "end": {
            "line": 20,
            "column": 84
          }
        },
        "type": "cond-expr",
        "locations": [
          {
            "start": {
              "line": 20,
              "column": 62
            },
            "end": {
              "line": 20,
              "column": 71
            }
          },
          {
            "start": {
              "line": 20,
              "column": 74
            },
            "end": {
              "line": 20,
              "column": 84
            }
          }
        ],
        "line": 20
      },
      "2": {
        "loc": {
          "start": {
            "line": 28,
            "column": 31
          },
          "end": {
            "line": 28,
            "column": 76
          }
        },
        "type": "cond-expr",
        "locations": [
          {
            "start": {
              "line": 28,
              "column": 54
            },
            "end": {
              "line": 28,
              "column": 63
            }
          },
          {
            "start": {
              "line": 28,
              "column": 66
            },
            "end": {
              "line": 28,
              "column": 76
            }
          }
        ],
        "line": 28
      }
    },
    "s": {
      "0": 0,
      "1": 0,
      "2": 0,
      "3": 0
    },
    "f": {
      "0": 0,
      "1": 0
    },
    "b": {
      "0": [
        0,
        0
      ],
      "1": [
        0,
        0
      ],
      "2": [
        0,
        0
      ]
    },
    "_coverageSchema": "1a1c01bbd47fc00a2c39e90264f33305004495a9",
    "hash": "1b0651f5101c72c7dfefc5a720e95826f269500f"
  },
  "D:\\Web\\ReactCourse\\training-react\\src\\hooks\\useAuth.js": {
    "path": "D:\\Web\\ReactCourse\\training-react\\src\\hooks\\useAuth.js",
    "statementMap": {
      "0": {
        "start": {
          "line": 4,
          "column": 23
        },
        "end": {
          "line": 68,
          "column": 1
        }
      },
      "1": {
        "start": {
          "line": 5,
          "column": 32
        },
        "end": {
          "line": 5,
          "column": 49
        }
      },
      "2": {
        "start": {
          "line": 6,
          "column": 40
        },
        "end": {
          "line": 6,
          "column": 54
        }
      },
      "3": {
        "start": {
          "line": 7,
          "column": 32
        },
        "end": {
          "line": 7,
          "column": 46
        }
      },
      "4": {
        "start": {
          "line": 8,
          "column": 38
        },
        "end": {
          "line": 8,
          "column": 52
        }
      },
      "5": {
        "start": {
          "line": 10,
          "column": 21
        },
        "end": {
          "line": 10,
          "column": 34
        }
      },
      "6": {
        "start": {
          "line": 12,
          "column": 23
        },
        "end": {
          "line": 12,
          "column": 60
        }
      },
      "7": {
        "start": {
          "line": 12,
          "column": 29
        },
        "end": {
          "line": 12,
          "column": 60
        }
      },
      "8": {
        "start": {
          "line": 12,
          "column": 52
        },
        "end": {
          "line": 12,
          "column": 58
        }
      },
      "9": {
        "start": {
          "line": 14,
          "column": 27
        },
        "end": {
          "line": 32,
          "column": 5
        }
      },
      "10": {
        "start": {
          "line": 15,
          "column": 8
        },
        "end": {
          "line": 31,
          "column": 9
        }
      },
      "11": {
        "start": {
          "line": 16,
          "column": 29
        },
        "end": {
          "line": 20,
          "column": 15
        }
      },
      "12": {
        "start": {
          "line": 22,
          "column": 12
        },
        "end": {
          "line": 27,
          "column": 13
        }
      },
      "13": {
        "start": {
          "line": 23,
          "column": 16
        },
        "end": {
          "line": 23,
          "column": 29
        }
      },
      "14": {
        "start": {
          "line": 25,
          "column": 30
        },
        "end": {
          "line": 25,
          "column": 51
        }
      },
      "15": {
        "start": {
          "line": 26,
          "column": 16
        },
        "end": {
          "line": 26,
          "column": 53
        }
      },
      "16": {
        "start": {
          "line": 29,
          "column": 12
        },
        "end": {
          "line": 29,
          "column": 57
        }
      },
      "17": {
        "start": {
          "line": 30,
          "column": 12
        },
        "end": {
          "line": 30,
          "column": 61
        }
      },
      "18": {
        "start": {
          "line": 34,
          "column": 24
        },
        "end": {
          "line": 57,
          "column": 5
        }
      },
      "19": {
        "start": {
          "line": 35,
          "column": 8
        },
        "end": {
          "line": 56,
          "column": 9
        }
      },
      "20": {
        "start": {
          "line": 36,
          "column": 29
        },
        "end": {
          "line": 40,
          "column": 15
        }
      },
      "21": {
        "start": {
          "line": 42,
          "column": 12
        },
        "end": {
          "line": 52,
          "column": 13
        }
      },
      "22": {
        "start": {
          "line": 43,
          "column": 29
        },
        "end": {
          "line": 43,
          "column": 50
        }
      },
      "23": {
        "start": {
          "line": 44,
          "column": 16
        },
        "end": {
          "line": 44,
          "column": 60
        }
      },
      "24": {
        "start": {
          "line": 45,
          "column": 16
        },
        "end": {
          "line": 45,
          "column": 55
        }
      },
      "25": {
        "start": {
          "line": 46,
          "column": 16
        },
        "end": {
          "line": 46,
          "column": 68
        }
      },
      "26": {
        "start": {
          "line": 48,
          "column": 16
        },
        "end": {
          "line": 48,
          "column": 41
        }
      },
      "27": {
        "start": {
          "line": 50,
          "column": 30
        },
        "end": {
          "line": 50,
          "column": 51
        }
      },
      "28": {
        "start": {
          "line": 51,
          "column": 16
        },
        "end": {
          "line": 51,
          "column": 53
        }
      },
      "29": {
        "start": {
          "line": 54,
          "column": 12
        },
        "end": {
          "line": 54,
          "column": 50
        }
      },
      "30": {
        "start": {
          "line": 55,
          "column": 12
        },
        "end": {
          "line": 55,
          "column": 54
        }
      },
      "31": {
        "start": {
          "line": 59,
          "column": 4
        },
        "end": {
          "line": 67,
          "column": 6
        }
      }
    },
    "fnMap": {
      "0": {
        "name": "(anonymous_0)",
        "decl": {
          "start": {
            "line": 4,
            "column": 23
          },
          "end": {
            "line": 4,
            "column": 24
          }
        },
        "loc": {
          "start": {
            "line": 4,
            "column": 29
          },
          "end": {
            "line": 68,
            "column": 1
          }
        },
        "line": 4
      },
      "1": {
        "name": "(anonymous_1)",
        "decl": {
          "start": {
            "line": 12,
            "column": 23
          },
          "end": {
            "line": 12,
            "column": 24
          }
        },
        "loc": {
          "start": {
            "line": 12,
            "column": 29
          },
          "end": {
            "line": 12,
            "column": 60
          }
        },
        "line": 12
      },
      "2": {
        "name": "(anonymous_2)",
        "decl": {
          "start": {
            "line": 12,
            "column": 39
          },
          "end": {
            "line": 12,
            "column": 40
          }
        },
        "loc": {
          "start": {
            "line": 12,
            "column": 52
          },
          "end": {
            "line": 12,
            "column": 58
          }
        },
        "line": 12
      },
      "3": {
        "name": "(anonymous_3)",
        "decl": {
          "start": {
            "line": 14,
            "column": 27
          },
          "end": {
            "line": 14,
            "column": 28
          }
        },
        "loc": {
          "start": {
            "line": 14,
            "column": 39
          },
          "end": {
            "line": 32,
            "column": 5
          }
        },
        "line": 14
      },
      "4": {
        "name": "(anonymous_4)",
        "decl": {
          "start": {
            "line": 34,
            "column": 24
          },
          "end": {
            "line": 34,
            "column": 25
          }
        },
        "loc": {
          "start": {
            "line": 34,
            "column": 36
          },
          "end": {
            "line": 57,
            "column": 5
          }
        },
        "line": 34
      }
    },
    "branchMap": {
      "0": {
        "loc": {
          "start": {
            "line": 22,
            "column": 12
          },
          "end": {
            "line": 27,
            "column": 13
          }
        },
        "type": "if",
        "locations": [
          {
            "start": {
              "line": 22,
              "column": 12
            },
            "end": {
              "line": 27,
              "column": 13
            }
          },
          {
            "start": {
              "line": 24,
              "column": 19
            },
            "end": {
              "line": 27,
              "column": 13
            }
          }
        ],
        "line": 22
      },
      "1": {
        "loc": {
          "start": {
            "line": 42,
            "column": 12
          },
          "end": {
            "line": 52,
            "column": 13
          }
        },
        "type": "if",
        "locations": [
          {
            "start": {
              "line": 42,
              "column": 12
            },
            "end": {
              "line": 52,
              "column": 13
            }
          },
          {
            "start": {
              "line": 49,
              "column": 19
            },
            "end": {
              "line": 52,
              "column": 13
            }
          }
        ],
        "line": 42
      }
    },
    "s": {
      "0": 14,
      "1": 154,
      "2": 154,
      "3": 154,
      "4": 154,
      "5": 154,
      "6": 154,
      "7": 3,
      "8": 4,
      "9": 154,
      "10": 1,
      "11": 1,
      "12": 1,
      "13": 0,
      "14": 1,
      "15": 1,
      "16": 0,
      "17": 0,
      "18": 154,
      "19": 1,
      "20": 1,
      "21": 0,
      "22": 0,
      "23": 0,
      "24": 0,
      "25": 0,
      "26": 0,
      "27": 0,
      "28": 0,
      "29": 0,
      "30": 0,
      "31": 154
    },
    "f": {
      "0": 154,
      "1": 3,
      "2": 4,
      "3": 1,
      "4": 1
    },
    "b": {
      "0": [
        0,
        1
      ],
      "1": [
        0,
        0
      ]
    },
    "_coverageSchema": "1a1c01bbd47fc00a2c39e90264f33305004495a9",
    "hash": "839ffad0b715482d1e65c344cfb5b711f4761f7d"
  },
  "D:\\Web\\ReactCourse\\training-react\\src\\pages\\Auth\\Auth.jsx": {
    "path": "D:\\Web\\ReactCourse\\training-react\\src\\pages\\Auth\\Auth.jsx",
    "statementMap": {
      "0": {
        "start": {
          "line": 11,
          "column": 100
        },
        "end": {
          "line": 11,
          "column": 109
        }
      },
      "1": {
        "start": {
          "line": 12,
          "column": 22
        },
        "end": {
          "line": 12,
          "column": 46
        }
      },
      "2": {
        "start": {
          "line": 14,
          "column": 4
        },
        "end": {
          "line": 94,
          "column": 6
        }
      },
      "3": {
        "start": {
          "line": 24,
          "column": 45
        },
        "end": {
          "line": 24,
          "column": 73
        }
      },
      "4": {
        "start": {
          "line": 36,
          "column": 37
        },
        "end": {
          "line": 36,
          "column": 61
        }
      },
      "5": {
        "start": {
          "line": 47,
          "column": 37
        },
        "end": {
          "line": 47,
          "column": 64
        }
      }
    },
    "fnMap": {
      "0": {
        "name": "AuthComponent",
        "decl": {
          "start": {
            "line": 10,
            "column": 9
          },
          "end": {
            "line": 10,
            "column": 22
          }
        },
        "loc": {
          "start": {
            "line": 10,
            "column": 25
          },
          "end": {
            "line": 95,
            "column": 1
          }
        },
        "line": 10
      },
      "1": {
        "name": "(anonymous_1)",
        "decl": {
          "start": {
            "line": 24,
            "column": 38
          },
          "end": {
            "line": 24,
            "column": 39
          }
        },
        "loc": {
          "start": {
            "line": 24,
            "column": 45
          },
          "end": {
            "line": 24,
            "column": 73
          }
        },
        "line": 24
      },
      "2": {
        "name": "(anonymous_2)",
        "decl": {
          "start": {
            "line": 36,
            "column": 30
          },
          "end": {
            "line": 36,
            "column": 31
          }
        },
        "loc": {
          "start": {
            "line": 36,
            "column": 37
          },
          "end": {
            "line": 36,
            "column": 61
          }
        },
        "line": 36
      },
      "3": {
        "name": "(anonymous_3)",
        "decl": {
          "start": {
            "line": 47,
            "column": 30
          },
          "end": {
            "line": 47,
            "column": 31
          }
        },
        "loc": {
          "start": {
            "line": 47,
            "column": 37
          },
          "end": {
            "line": 47,
            "column": 64
          }
        },
        "line": 47
      }
    },
    "branchMap": {
      "0": {
        "loc": {
          "start": {
            "line": 16,
            "column": 19
          },
          "end": {
            "line": 16,
            "column": 64
          }
        },
        "type": "cond-expr",
        "locations": [
          {
            "start": {
              "line": 16,
              "column": 42
            },
            "end": {
              "line": 16,
              "column": 51
            }
          },
          {
            "start": {
              "line": 16,
              "column": 54
            },
            "end": {
              "line": 16,
              "column": 64
            }
          }
        ],
        "line": 16
      },
      "1": {
        "loc": {
          "start": {
            "line": 17,
            "column": 23
          },
          "end": {
            "line": 17,
            "column": 69
          }
        },
        "type": "cond-expr",
        "locations": [
          {
            "start": {
              "line": 17,
              "column": 31
            },
            "end": {
              "line": 17,
              "column": 50
            }
          },
          {
            "start": {
              "line": 17,
              "column": 53
            },
            "end": {
              "line": 17,
              "column": 69
            }
          }
        ],
        "line": 17
      },
      "2": {
        "loc": {
          "start": {
            "line": 19,
            "column": 17
          },
          "end": {
            "line": 32,
            "column": 17
          }
        },
        "type": "binary-expr",
        "locations": [
          {
            "start": {
              "line": 19,
              "column": 17
            },
            "end": {
              "line": 19,
              "column": 22
            }
          },
          {
            "start": {
              "line": 20,
              "column": 20
            },
            "end": {
              "line": 31,
              "column": 23
            }
          }
        ],
        "line": 19
      },
      "3": {
        "loc": {
          "start": {
            "line": 21,
            "column": 43
          },
          "end": {
            "line": 21,
            "column": 88
          }
        },
        "type": "cond-expr",
        "locations": [
          {
            "start": {
              "line": 21,
              "column": 66
            },
            "end": {
              "line": 21,
              "column": 75
            }
          },
          {
            "start": {
              "line": 21,
              "column": 78
            },
            "end": {
              "line": 21,
              "column": 88
            }
          }
        ],
        "line": 21
      },
      "4": {
        "loc": {
          "start": {
            "line": 28,
            "column": 35
          },
          "end": {
            "line": 28,
            "column": 80
          }
        },
        "type": "cond-expr",
        "locations": [
          {
            "start": {
              "line": 28,
              "column": 58
            },
            "end": {
              "line": 28,
              "column": 67
            }
          },
          {
            "start": {
              "line": 28,
              "column": 70
            },
            "end": {
              "line": 28,
              "column": 80
            }
          }
        ],
        "line": 28
      },
      "5": {
        "loc": {
          "start": {
            "line": 33,
            "column": 35
          },
          "end": {
            "line": 33,
            "column": 80
          }
        },
        "type": "cond-expr",
        "locations": [
          {
            "start": {
              "line": 33,
              "column": 58
            },
            "end": {
              "line": 33,
              "column": 67
            }
          },
          {
            "start": {
              "line": 33,
              "column": 70
            },
            "end": {
              "line": 33,
              "column": 80
            }
          }
        ],
        "line": 33
      },
      "6": {
        "loc": {
          "start": {
            "line": 39,
            "column": 27
          },
          "end": {
            "line": 39,
            "column": 72
          }
        },
        "type": "cond-expr",
        "locations": [
          {
            "start": {
              "line": 39,
              "column": 50
            },
            "end": {
              "line": 39,
              "column": 59
            }
          },
          {
            "start": {
              "line": 39,
              "column": 62
            },
            "end": {
              "line": 39,
              "column": 72
            }
          }
        ],
        "line": 39
      },
      "7": {
        "loc": {
          "start": {
            "line": 43,
            "column": 39
          },
          "end": {
            "line": 43,
            "column": 85
          }
        },
        "type": "cond-expr",
        "locations": [
          {
            "start": {
              "line": 43,
              "column": 63
            },
            "end": {
              "line": 43,
              "column": 72
            }
          },
          {
            "start": {
              "line": 43,
              "column": 75
            },
            "end": {
              "line": 43,
              "column": 85
            }
          }
        ],
        "line": 43
      },
      "8": {
        "loc": {
          "start": {
            "line": 50,
            "column": 27
          },
          "end": {
            "line": 50,
            "column": 72
          }
        },
        "type": "cond-expr",
        "locations": [
          {
            "start": {
              "line": 50,
              "column": 50
            },
            "end": {
              "line": 50,
              "column": 59
            }
          },
          {
            "start": {
              "line": 50,
              "column": 62
            },
            "end": {
              "line": 50,
              "column": 72
            }
          }
        ],
        "line": 50
      },
      "9": {
        "loc": {
          "start": {
            "line": 53,
            "column": 17
          },
          "end": {
            "line": 69,
            "column": 17
          }
        },
        "type": "cond-expr",
        "locations": [
          {
            "start": {
              "line": 54,
              "column": 20
            },
            "end": {
              "line": 60,
              "column": 29
            }
          },
          {
            "start": {
              "line": 62,
              "column": 20
            },
            "end": {
              "line": 68,
              "column": 29
            }
          }
        ],
        "line": 53
      },
      "10": {
        "loc": {
          "start": {
            "line": 58,
            "column": 31
          },
          "end": {
            "line": 58,
            "column": 76
          }
        },
        "type": "cond-expr",
        "locations": [
          {
            "start": {
              "line": 58,
              "column": 54
            },
            "end": {
              "line": 58,
              "column": 63
            }
          },
          {
            "start": {
              "line": 58,
              "column": 66
            },
            "end": {
              "line": 58,
              "column": 76
            }
          }
        ],
        "line": 58
      },
      "11": {
        "loc": {
          "start": {
            "line": 66,
            "column": 31
          },
          "end": {
            "line": 66,
            "column": 76
          }
        },
        "type": "cond-expr",
        "locations": [
          {
            "start": {
              "line": 66,
              "column": 54
            },
            "end": {
              "line": 66,
              "column": 63
            }
          },
          {
            "start": {
              "line": 66,
              "column": 66
            },
            "end": {
              "line": 66,
              "column": 76
            }
          }
        ],
        "line": 66
      },
      "12": {
        "loc": {
          "start": {
            "line": 70,
            "column": 17
          },
          "end": {
            "line": 80,
            "column": 17
          }
        },
        "type": "cond-expr",
        "locations": [
          {
            "start": {
              "line": 71,
              "column": 20
            },
            "end": {
              "line": 77,
              "column": 29
            }
          },
          {
            "start": {
              "line": 79,
              "column": 20
            },
            "end": {
              "line": 79,
              "column": 25
            }
          }
        ],
        "line": 70
      },
      "13": {
        "loc": {
          "start": {
            "line": 75,
            "column": 31
          },
          "end": {
            "line": 75,
            "column": 76
          }
        },
        "type": "cond-expr",
        "locations": [
          {
            "start": {
              "line": 75,
              "column": 54
            },
            "end": {
              "line": 75,
              "column": 63
            }
          },
          {
            "start": {
              "line": 75,
              "column": 66
            },
            "end": {
              "line": 75,
              "column": 76
            }
          }
        ],
        "line": 75
      },
      "14": {
        "loc": {
          "start": {
            "line": 83,
            "column": 13
          },
          "end": {
            "line": 92,
            "column": 13
          }
        },
        "type": "cond-expr",
        "locations": [
          {
            "start": {
              "line": 84,
              "column": 16
            },
            "end": {
              "line": 84,
              "column": 21
            }
          },
          {
            "start": {
              "line": 86,
              "column": 16
            },
            "end": {
              "line": 91,
              "column": 28
            }
          }
        ],
        "line": 83
      },
      "15": {
        "loc": {
          "start": {
            "line": 88,
            "column": 39
          },
          "end": {
            "line": 88,
            "column": 84
          }
        },
        "type": "cond-expr",
        "locations": [
          {
            "start": {
              "line": 88,
              "column": 62
            },
            "end": {
              "line": 88,
              "column": 71
            }
          },
          {
            "start": {
              "line": 88,
              "column": 74
            },
            "end": {
              "line": 88,
              "column": 84
            }
          }
        ],
        "line": 88
      }
    },
    "s": {
      "0": 154,
      "1": 154,
      "2": 154,
      "3": 11,
      "4": 34,
      "5": 23
    },
    "f": {
      "0": 154,
      "1": 11,
      "2": 34,
      "3": 23
    },
    "b": {
      "0": [
        154,
        0
      ],
      "1": [
        92,
        62
      ],
      "2": [
        154,
        92
      ],
      "3": [
        92,
        0
      ],
      "4": [
        92,
        0
      ],
      "5": [
        154,
        0
      ],
      "6": [
        154,
        0
      ],
      "7": [
        154,
        0
      ],
      "8": [
        154,
        0
      ],
      "9": [
        92,
        62
      ],
      "10": [
        92,
        0
      ],
      "11": [
        62,
        0
      ],
      "12": [
        92,
        62
      ],
      "13": [
        92,
        0
      ],
      "14": [
        92,
        62
      ],
      "15": [
        62,
        0
      ]
    },
    "_coverageSchema": "1a1c01bbd47fc00a2c39e90264f33305004495a9",
    "hash": "3ddd556b868de555ce31514acffcbe1991342543"
  },
  "D:\\Web\\ReactCourse\\training-react\\src\\components\\ChatFeature\\PersonInfo\\PersonInfo.jsx": {
    "path": "D:\\Web\\ReactCourse\\training-react\\src\\components\\ChatFeature\\PersonInfo\\PersonInfo.jsx",
    "statementMap": {
      "0": {
        "start": {
          "line": 9,
          "column": 42
        },
        "end": {
          "line": 9,
          "column": 58
        }
      },
      "1": {
        "start": {
          "line": 10,
          "column": 22
        },
        "end": {
          "line": 10,
          "column": 46
        }
      },
      "2": {
        "start": {
          "line": 12,
          "column": 4
        },
        "end": {
          "line": 14,
          "column": 17
        }
      },
      "3": {
        "start": {
          "line": 13,
          "column": 8
        },
        "end": {
          "line": 13,
          "column": 31
        }
      },
      "4": {
        "start": {
          "line": 16,
          "column": 25
        },
        "end": {
          "line": 39,
          "column": 5
        }
      },
      "5": {
        "start": {
          "line": 17,
          "column": 8
        },
        "end": {
          "line": 38,
          "column": 9
        }
      },
      "6": {
        "start": {
          "line": 18,
          "column": 26
        },
        "end": {
          "line": 18,
          "column": 55
        }
      },
      "7": {
        "start": {
          "line": 20,
          "column": 29
        },
        "end": {
          "line": 27,
          "column": 14
        }
      },
      "8": {
        "start": {
          "line": 29,
          "column": 12
        },
        "end": {
          "line": 34,
          "column": 13
        }
      },
      "9": {
        "start": {
          "line": 30,
          "column": 29
        },
        "end": {
          "line": 30,
          "column": 50
        }
      },
      "10": {
        "start": {
          "line": 32,
          "column": 30
        },
        "end": {
          "line": 32,
          "column": 51
        }
      },
      "11": {
        "start": {
          "line": 33,
          "column": 16
        },
        "end": {
          "line": 33,
          "column": 49
        }
      },
      "12": {
        "start": {
          "line": 36,
          "column": 12
        },
        "end": {
          "line": 36,
          "column": 66
        }
      },
      "13": {
        "start": {
          "line": 37,
          "column": 12
        },
        "end": {
          "line": 37,
          "column": 70
        }
      },
      "14": {
        "start": {
          "line": 41,
          "column": 25
        },
        "end": {
          "line": 64,
          "column": 5
        }
      },
      "15": {
        "start": {
          "line": 42,
          "column": 8
        },
        "end": {
          "line": 63,
          "column": 9
        }
      },
      "16": {
        "start": {
          "line": 43,
          "column": 26
        },
        "end": {
          "line": 43,
          "column": 55
        }
      },
      "17": {
        "start": {
          "line": 45,
          "column": 29
        },
        "end": {
          "line": 52,
          "column": 14
        }
      },
      "18": {
        "start": {
          "line": 54,
          "column": 12
        },
        "end": {
          "line": 59,
          "column": 13
        }
      },
      "19": {
        "start": {
          "line": 55,
          "column": 29
        },
        "end": {
          "line": 55,
          "column": 50
        }
      },
      "20": {
        "start": {
          "line": 57,
          "column": 30
        },
        "end": {
          "line": 57,
          "column": 51
        }
      },
      "21": {
        "start": {
          "line": 58,
          "column": 16
        },
        "end": {
          "line": 58,
          "column": 49
        }
      },
      "22": {
        "start": {
          "line": 61,
          "column": 12
        },
        "end": {
          "line": 61,
          "column": 66
        }
      },
      "23": {
        "start": {
          "line": 62,
          "column": 12
        },
        "end": {
          "line": 62,
          "column": 70
        }
      },
      "24": {
        "start": {
          "line": 67,
          "column": 8
        },
        "end": {
          "line": 95,
          "column": 9
        }
      },
      "25": {
        "start": {
          "line": 68,
          "column": 24
        },
        "end": {
          "line": 68,
          "column": 34
        }
      },
      "26": {
        "start": {
          "line": 69,
          "column": 25
        },
        "end": {
          "line": 69,
          "column": 43
        }
      },
      "27": {
        "start": {
          "line": 70,
          "column": 39
        },
        "end": {
          "line": 70,
          "column": 49
        }
      },
      "28": {
        "start": {
          "line": 73,
          "column": 34
        },
        "end": {
          "line": 73,
          "column": 78
        }
      },
      "29": {
        "start": {
          "line": 74,
          "column": 32
        },
        "end": {
          "line": 74,
          "column": 81
        }
      },
      "30": {
        "start": {
          "line": 77,
          "column": 12
        },
        "end": {
          "line": 79,
          "column": 13
        }
      },
      "31": {
        "start": {
          "line": 78,
          "column": 16
        },
        "end": {
          "line": 78,
          "column": 26
        }
      },
      "32": {
        "start": {
          "line": 81,
          "column": 12
        },
        "end": {
          "line": 92,
          "column": 13
        }
      },
      "33": {
        "start": {
          "line": 82,
          "column": 16
        },
        "end": {
          "line": 82,
          "column": 32
        }
      },
      "34": {
        "start": {
          "line": 83,
          "column": 19
        },
        "end": {
          "line": 92,
          "column": 13
        }
      },
      "35": {
        "start": {
          "line": 84,
          "column": 16
        },
        "end": {
          "line": 84,
          "column": 50
        }
      },
      "36": {
        "start": {
          "line": 85,
          "column": 19
        },
        "end": {
          "line": 92,
          "column": 13
        }
      },
      "37": {
        "start": {
          "line": 86,
          "column": 16
        },
        "end": {
          "line": 86,
          "column": 32
        }
      },
      "38": {
        "start": {
          "line": 88,
          "column": 30
        },
        "end": {
          "line": 88,
          "column": 73
        }
      },
      "39": {
        "start": {
          "line": 89,
          "column": 32
        },
        "end": {
          "line": 89,
          "column": 77
        }
      },
      "40": {
        "start": {
          "line": 91,
          "column": 16
        },
        "end": {
          "line": 91,
          "column": 45
        }
      },
      "41": {
        "start": {
          "line": 94,
          "column": 12
        },
        "end": {
          "line": 94,
          "column": 35
        }
      },
      "42": {
        "start": {
          "line": 98,
          "column": 4
        },
        "end": {
          "line": 144,
          "column": 6
        }
      },
      "43": {
        "start": {
          "line": 99,
          "column": 48
        },
        "end": {
          "line": 99,
          "column": 68
        }
      },
      "44": {
        "start": {
          "line": 130,
          "column": 39
        },
        "end": {
          "line": 130,
          "column": 70
        }
      },
      "45": {
        "start": {
          "line": 136,
          "column": 39
        },
        "end": {
          "line": 136,
          "column": 70
        }
      }
    },
    "fnMap": {
      "0": {
        "name": "PersonInfo",
        "decl": {
          "start": {
            "line": 8,
            "column": 9
          },
          "end": {
            "line": 8,
            "column": 19
          }
        },
        "loc": {
          "start": {
            "line": 8,
            "column": 68
          },
          "end": {
            "line": 145,
            "column": 1
          }
        },
        "line": 8
      },
      "1": {
        "name": "(anonymous_1)",
        "decl": {
          "start": {
            "line": 12,
            "column": 14
          },
          "end": {
            "line": 12,
            "column": 15
          }
        },
        "loc": {
          "start": {
            "line": 12,
            "column": 20
          },
          "end": {
            "line": 14,
            "column": 5
          }
        },
        "line": 12
      },
      "2": {
        "name": "(anonymous_2)",
        "decl": {
          "start": {
            "line": 16,
            "column": 25
          },
          "end": {
            "line": 16,
            "column": 26
          }
        },
        "loc": {
          "start": {
            "line": 16,
            "column": 48
          },
          "end": {
            "line": 39,
            "column": 5
          }
        },
        "line": 16
      },
      "3": {
        "name": "(anonymous_3)",
        "decl": {
          "start": {
            "line": 41,
            "column": 25
          },
          "end": {
            "line": 41,
            "column": 26
          }
        },
        "loc": {
          "start": {
            "line": 41,
            "column": 48
          },
          "end": {
            "line": 64,
            "column": 5
          }
        },
        "line": 41
      },
      "4": {
        "name": "formatTime",
        "decl": {
          "start": {
            "line": 66,
            "column": 13
          },
          "end": {
            "line": 66,
            "column": 23
          }
        },
        "loc": {
          "start": {
            "line": 66,
            "column": 34
          },
          "end": {
            "line": 96,
            "column": 5
          }
        },
        "line": 66
      },
      "5": {
        "name": "(anonymous_5)",
        "decl": {
          "start": {
            "line": 99,
            "column": 42
          },
          "end": {
            "line": 99,
            "column": 43
          }
        },
        "loc": {
          "start": {
            "line": 99,
            "column": 48
          },
          "end": {
            "line": 99,
            "column": 68
          }
        },
        "line": 99
      },
      "6": {
        "name": "(anonymous_6)",
        "decl": {
          "start": {
            "line": 130,
            "column": 33
          },
          "end": {
            "line": 130,
            "column": 34
          }
        },
        "loc": {
          "start": {
            "line": 130,
            "column": 39
          },
          "end": {
            "line": 130,
            "column": 70
          }
        },
        "line": 130
      },
      "7": {
        "name": "(anonymous_7)",
        "decl": {
          "start": {
            "line": 136,
            "column": 33
          },
          "end": {
            "line": 136,
            "column": 34
          }
        },
        "loc": {
          "start": {
            "line": 136,
            "column": 39
          },
          "end": {
            "line": 136,
            "column": 70
          }
        },
        "line": 136
      }
    },
    "branchMap": {
      "0": {
        "loc": {
          "start": {
            "line": 29,
            "column": 12
          },
          "end": {
            "line": 34,
            "column": 13
          }
        },
        "type": "if",
        "locations": [
          {
            "start": {
              "line": 29,
              "column": 12
            },
            "end": {
              "line": 34,
              "column": 13
            }
          },
          {
            "start": {
              "line": 31,
              "column": 19
            },
            "end": {
              "line": 34,
              "column": 13
            }
          }
        ],
        "line": 29
      },
      "1": {
        "loc": {
          "start": {
            "line": 54,
            "column": 12
          },
          "end": {
            "line": 59,
            "column": 13
          }
        },
        "type": "if",
        "locations": [
          {
            "start": {
              "line": 54,
              "column": 12
            },
            "end": {
              "line": 59,
              "column": 13
            }
          },
          {
            "start": {
              "line": 56,
              "column": 19
            },
            "end": {
              "line": 59,
              "column": 13
            }
          }
        ],
        "line": 54
      },
      "2": {
        "loc": {
          "start": {
            "line": 77,
            "column": 12
          },
          "end": {
            "line": 79,
            "column": 13
          }
        },
        "type": "if",
        "locations": [
          {
            "start": {
              "line": 77,
              "column": 12
            },
            "end": {
              "line": 79,
              "column": 13
            }
          },
          {
            "start": {},
            "end": {}
          }
        ],
        "line": 77
      },
      "3": {
        "loc": {
          "start": {
            "line": 81,
            "column": 12
          },
          "end": {
            "line": 92,
            "column": 13
          }
        },
        "type": "if",
        "locations": [
          {
            "start": {
              "line": 81,
              "column": 12
            },
            "end": {
              "line": 92,
              "column": 13
            }
          },
          {
            "start": {
              "line": 83,
              "column": 19
            },
            "end": {
              "line": 92,
              "column": 13
            }
          }
        ],
        "line": 81
      },
      "4": {
        "loc": {
          "start": {
            "line": 83,
            "column": 19
          },
          "end": {
            "line": 92,
            "column": 13
          }
        },
        "type": "if",
        "locations": [
          {
            "start": {
              "line": 83,
              "column": 19
            },
            "end": {
              "line": 92,
              "column": 13
            }
          },
          {
            "start": {
              "line": 85,
              "column": 19
            },
            "end": {
              "line": 92,
              "column": 13
            }
          }
        ],
        "line": 83
      },
      "5": {
        "loc": {
          "start": {
            "line": 85,
            "column": 19
          },
          "end": {
            "line": 92,
            "column": 13
          }
        },
        "type": "if",
        "locations": [
          {
            "start": {
              "line": 85,
              "column": 19
            },
            "end": {
              "line": 92,
              "column": 13
            }
          },
          {
            "start": {
              "line": 87,
              "column": 19
            },
            "end": {
              "line": 92,
              "column": 13
            }
          }
        ],
        "line": 85
      },
      "6": {
        "loc": {
          "start": {
            "line": 100,
            "column": 22
          },
          "end": {
            "line": 100,
            "column": 62
          }
        },
        "type": "binary-expr",
        "locations": [
          {
            "start": {
              "line": 100,
              "column": 22
            },
            "end": {
              "line": 100,
              "column": 43
            }
          },
          {
            "start": {
              "line": 100,
              "column": 47
            },
            "end": {
              "line": 100,
              "column": 62
            }
          }
        ],
        "line": 100
      },
      "7": {
        "loc": {
          "start": {
[...]
            "start": {
              "line": 162,
              "column": 67
            },
            "end": {
              "line": 162,
              "column": 76
            }
          },
          {
            "start": {
              "line": 162,
              "column": 79
            },
            "end": {
              "line": 162,
              "column": 89
            }
          }
        ],
        "line": 162
      },
      "23": {
        "loc": {
          "start": {
            "line": 164,
            "column": 39
          },
          "end": {
            "line": 164,
            "column": 85
          }
        },
        "type": "cond-expr",
        "locations": [
          {
            "start": {
              "line": 164,
              "column": 63
            },
            "end": {
              "line": 164,
              "column": 72
            }
          },
          {
            "start": {
              "line": 164,
              "column": 75
            },
            "end": {
              "line": 164,
              "column": 85
            }
          }
        ],
        "line": 164
      },
      "24": {
        "loc": {
          "start": {
            "line": 175,
            "column": 35
          },
          "end": {
            "line": 175,
            "column": 81
          }
        },
        "type": "cond-expr",
        "locations": [
          {
            "start": {
              "line": 175,
              "column": 59
            },
            "end": {
              "line": 175,
              "column": 68
            }
          },
          {
            "start": {
              "line": 175,
              "column": 71
            },
            "end": {
              "line": 175,
              "column": 81
            }
          }
        ],
        "line": 175
      },
      "25": {
        "loc": {
          "start": {
            "line": 180,
            "column": 27
          },
          "end": {
            "line": 180,
            "column": 73
          }
        },
        "type": "cond-expr",
        "locations": [
          {
            "start": {
              "line": 180,
              "column": 51
            },
            "end": {
              "line": 180,
              "column": 60
            }
          },
          {
            "start": {
              "line": 180,
              "column": 63
            },
            "end": {
              "line": 180,
              "column": 73
            }
          }
        ],
        "line": 180
      },
      "26": {
        "loc": {
          "start": {
            "line": 188,
            "column": 30
          },
          "end": {
            "line": 188,
            "column": 76
          }
        },
        "type": "cond-expr",
        "locations": [
          {
            "start": {
              "line": 188,
              "column": 54
            },
            "end": {
              "line": 188,
              "column": 63
            }
          },
          {
            "start": {
              "line": 188,
              "column": 66
            },
            "end": {
              "line": 188,
              "column": 76
            }
          }
        ],
        "line": 188
      },
      "27": {
        "loc": {
          "start": {
            "line": 189,
            "column": 31
          },
          "end": {
            "line": 189,
            "column": 77
          }
        },
        "type": "cond-expr",
        "locations": [
          {
            "start": {
              "line": 189,
              "column": 55
            },
            "end": {
              "line": 189,
              "column": 64
            }
          },
          {
            "start": {
              "line": 189,
              "column": 67
            },
            "end": {
              "line": 189,
              "column": 77
            }
          }
        ],
        "line": 189
      },
      "28": {
        "loc": {
          "start": {
            "line": 192,
            "column": 17
          },
          "end": {
            "line": 216,
            "column": 17
          }
        },
        "type": "cond-expr",
        "locations": [
          {
            "start": {
              "line": 193,
              "column": 20
            },
            "end": {
              "line": 203,
              "column": 26
            }
          },
          {
            "start": {
              "line": 205,
              "column": 20
            },
            "end": {
              "line": 215,
              "column": 26
            }
          }
        ],
        "line": 192
      },
      "29": {
        "loc": {
          "start": {
            "line": 194,
            "column": 39
          },
          "end": {
            "line": 194,
            "column": 85
          }
        },
        "type": "cond-expr",
        "locations": [
          {
            "start": {
              "line": 194,
              "column": 63
            },
            "end": {
              "line": 194,
              "column": 72
            }
          },
          {
            "start": {
              "line": 194,
              "column": 75
            },
            "end": {
              "line": 194,
              "column": 85
            }
          }
        ],
        "line": 194
      },
      "30": {
        "loc": {
          "start": {
            "line": 198,
            "column": 35
          },
          "end": {
            "line": 198,
            "column": 81
          }
        },
        "type": "cond-expr",
        "locations": [
          {
            "start": {
              "line": 198,
              "column": 59
            },
            "end": {
              "line": 198,
              "column": 68
            }
          },
          {
            "start": {
              "line": 198,
              "column": 71
            },
            "end": {
              "line": 198,
              "column": 81
            }
          }
        ],
        "line": 198
      },
      "31": {
        "loc": {
          "start": {
            "line": 206,
            "column": 39
          },
          "end": {
            "line": 206,
            "column": 85
          }
        },
        "type": "cond-expr",
        "locations": [
          {
            "start": {
              "line": 206,
              "column": 63
            },
            "end": {
              "line": 206,
              "column": 72
            }
          },
          {
            "start": {
              "line": 206,
              "column": 75
            },
            "end": {
              "line": 206,
              "column": 85
            }
          }
        ],
        "line": 206
      },
      "32": {
        "loc": {
          "start": {
            "line": 210,
            "column": 35
          },
          "end": {
            "line": 210,
            "column": 81
          }
        },
        "type": "cond-expr",
        "locations": [
          {
            "start": {
              "line": 210,
              "column": 59
            },
            "end": {
              "line": 210,
              "column": 68
            }
          },
          {
            "start": {
              "line": 210,
              "column": 71
            },
            "end": {
              "line": 210,
              "column": 81
            }
          }
        ],
        "line": 210
      },
      "33": {
        "loc": {
          "start": {
            "line": 219,
            "column": 13
          },
          "end": {
            "line": 232,
            "column": 13
          }
        },
        "type": "binary-expr",
        "locations": [
          {
            "start": {
              "line": 219,
              "column": 13
            },
            "end": {
              "line": 219,
              "column": 25
            }
          },
          {
            "start": {
              "line": 220,
              "column": 16
            },
            "end": {
              "line": 231,
              "column": 23
            }
          }
        ],
        "line": 219
      },
      "34": {
        "loc": {
          "start": {
            "line": 220,
            "column": 29
          },
          "end": {
            "line": 220,
            "column": 75
          }
        },
        "type": "cond-expr",
        "locations": [
          {
            "start": {
              "line": 220,
              "column": 53
            },
            "end": {
              "line": 220,
              "column": 62
            }
          },
          {
            "start": {
              "line": 220,
              "column": 65
            },
            "end": {
              "line": 220,
              "column": 75
            }
          }
        ],
        "line": 220
      },
      "35": {
        "loc": {
          "start": {
            "line": 223,
            "column": 31
          },
          "end": {
            "line": 223,
            "column": 77
          }
        },
        "type": "cond-expr",
        "locations": [
          {
            "start": {
              "line": 223,
              "column": 55
            },
            "end": {
              "line": 223,
              "column": 64
            }
          },
          {
            "start": {
              "line": 223,
              "column": 67
            },
            "end": {
              "line": 223,
              "column": 77
            }
          }
        ],
        "line": 223
      },
      "36": {
        "loc": {
          "start": {
            "line": 228,
            "column": 35
          },
          "end": {
            "line": 228,
            "column": 81
          }
        },
        "type": "cond-expr",
        "locations": [
          {
            "start": {
              "line": 228,
              "column": 59
            },
            "end": {
              "line": 228,
              "column": 68
            }
          },
          {
            "start": {
              "line": 228,
              "column": 71
            },
            "end": {
              "line": 228,
              "column": 81
            }
          }
        ],
        "line": 228
      }
    },
    "s": {
      "0": 0,
      "1": 0,
      "2": 0,
      "3": 0,
      "4": 0,
      "5": 0,
      "6": 0,
      "7": 0,
      "8": 0,
      "9": 0,
      "10": 0,
      "11": 0,
      "12": 0,
      "13": 0,
      "14": 0,
      "15": 0,
      "16": 0,
      "17": 0,
      "18": 0,
      "19": 0,
      "20": 0,
      "21": 0,
      "22": 0,
      "23": 0,
      "24": 0,
      "25": 0,
      "26": 0,
      "27": 0,
      "28": 0,
      "29": 0,
      "30": 0,
      "31": 0,
      "32": 0,
      "33": 0,
      "34": 0,
      "35": 0,
      "36": 0,
      "37": 0,
      "38": 0,
      "39": 0,
      "40": 0,
      "41": 0,
      "42": 0
    },
    "f": {
      "0": 0,
      "1": 0,
      "2": 0,
      "3": 0,
      "4": 0,
      "5": 0,
      "6": 0,
      "7": 0,
      "8": 0,
      "9": 0,
      "10": 0,
      "11": 0,
      "12": 0,
      "13": 0
    },
    "b": {
      "0": [
        0,
        0
      ],
      "1": [
        0,
        0
      ],
      "2": [
        0,
        0
      ],
      "3": [
        0,
        0
      ],
      "4": [
        0,
        0
      ],
      "5": [
        0,
        0
      ],
      "6": [
        0,
        0
      ],
      "7": [
        0,
        0
      ],
      "8": [
        0,
        0
      ],
      "9": [
        0,
        0
      ],
      "10": [
        0,
        0
      ],
      "11": [
        0,
        0
      ],
      "12": [
        0,
        0
      ],
      "13": [
        0,
        0
      ],
      "14": [
        0,
        0
      ],
      "15": [
        0,
        0
      ],
      "16": [
        0,
        0
      ],
      "17": [
        0,
        0
      ],
      "18": [
        0,
        0
      ],
      "19": [
        0,
        0
      ],
      "20": [
        0,
        0
      ],
      "21": [
        0,
        0
      ],
      "22": [
        0,
        0
      ],
      "23": [
        0,
        0
      ],
      "24": [
        0,
        0
      ],
      "25": [
        0,
        0
      ],
      "26": [
        0,
        0
      ],
      "27": [
        0,
        0
      ],
      "28": [
        0,
        0
      ],
      "29": [
        0,
        0
      ],
      "30": [
        0,
        0
      ],
      "31": [
        0,
        0
      ],
      "32": [
        0,
        0
      ],
      "33": [
        0,
        0
      ],
      "34": [
        0,
        0
      ],
      "35": [
        0,
        0
      ],
      "36": [
        0,
        0
      ]
    },
    "_coverageSchema": "1a1c01bbd47fc00a2c39e90264f33305004495a9",
    "hash": "9ead63a63aa832e321d875598ccb839bd1e3ad74"
  },
  "D:\\Web\\ReactCourse\\training-react\\src\\App.jsx": {
    "path": "D:\\Web\\ReactCourse\\training-react\\src\\App.jsx",
    "statementMap": {
      "0": {
        "start": {
          "line": 16,
          "column": 22
        },
        "end": {
          "line": 16,
          "column": 46
        }
      },
      "1": {
        "start": {
          "line": 18,
          "column": 4
        },
        "end": {
          "line": 29,
          "column": 6
        }
      }
    },
    "fnMap": {
      "0": {
        "name": "App",
        "decl": {
          "start": {
            "line": 15,
            "column": 9
          },
          "end": {
            "line": 15,
            "column": 12
          }
        },
        "loc": {
          "start": {
            "line": 15,
            "column": 15
          },
          "end": {
            "line": 30,
            "column": 1
          }
        },
        "line": 15
      }
    },
    "branchMap": {
      "0": {
        "loc": {
          "start": {
            "line": 19,
            "column": 47
          },
          "end": {
            "line": 19,
            "column": 92
          }
        },
        "type": "cond-expr",
        "locations": [
          {
            "start": {
              "line": 19,
              "column": 70
            },
            "end": {
              "line": 19,
              "column": 79
            }
          },
          {
            "start": {
              "line": 19,
              "column": 82
            },
            "end": {
              "line": 19,
              "column": 92
            }
          }
        ],
        "line": 19
      }
    },
    "s": {
      "0": 28,
      "1": 28
    },
    "f": {
      "0": 28
    },
    "b": {
      "0": [
        28,
        0
      ]
    },
    "_coverageSchema": "1a1c01bbd47fc00a2c39e90264f33305004495a9",
    "hash": "deb1110d74f08e3462ca4c7a4708f4d7f6780c0e"
  },
  "D:\\Web\\ReactCourse\\training-react\\src\\reportWebVitals.js": {
    "path": "D:\\Web\\ReactCourse\\training-react\\src\\reportWebVitals.js",
    "statementMap": {
      "0": {
        "start": {
          "line": 1,
          "column": 24
        },
        "end": {
          "line": 11,
          "column": 1
        }
      },
      "1": {
        "start": {
          "line": 2,
          "column": 4
        },
        "end": {
          "line": 10,
          "column": 5
        }
      },
      "2": {
        "start": {
          "line": 3,
          "column": 8
        },
        "end": {
          "line": 9,
          "column": 11
        }
      },
      "3": {
        "start": {
          "line": 4,
          "column": 12
        },
        "end": {
          "line": 4,
          "column": 32
        }
      },
      "4": {
        "start": {
          "line": 5,
          "column": 12
        },
        "end": {
          "line": 5,
          "column": 32
        }
      },
      "5": {
        "start": {
          "line": 6,
          "column": 12
        },
        "end": {
          "line": 6,
          "column": 32
        }
      },
      "6": {
        "start": {
          "line": 7,
          "column": 12
        },
        "end": {
          "line": 7,
          "column": 32
        }
      },
      "7": {
        "start": {
          "line": 8,
          "column": 12
        },
        "end": {
          "line": 8,
          "column": 33
        }
      }
    },
    "fnMap": {
      "0": {
        "name": "(anonymous_0)",
        "decl": {
          "start": {
            "line": 1,
            "column": 24
          },
          "end": {
            "line": 1,
            "column": 25
          }
        },
        "loc": {
          "start": {
            "line": 1,
            "column": 41
          },
          "end": {
            "line": 11,
            "column": 1
          }
        },
        "line": 1
      },
      "1": {
        "name": "(anonymous_1)",
        "decl": {
          "start": {
            "line": 3,
            "column": 34
          },
          "end": {
            "line": 3,
            "column": 35
          }
        },
        "loc": {
          "start": {
            "line": 3,
            "column": 83
          },
          "end": {
            "line": 9,
            "column": 9
          }
        },
        "line": 3
      }
    },
    "branchMap": {
      "0": {
        "loc": {
          "start": {
            "line": 2,
            "column": 4
          },
          "end": {
            "line": 10,
            "column": 5
          }
        },
        "type": "if",
        "locations": [
          {
            "start": {
              "line": 2,
              "column": 4
            },
            "end": {
              "line": 10,
              "column": 5
            }
          },
          {
            "start": {},
            "end": {}
          }
        ],
        "line": 2
      },
      "1": {
        "loc": {
          "start": {
            "line": 2,
            "column": 8
          },
          "end": {
            "line": 2,
            "column": 54
          }
        },
        "type": "binary-expr",
        "locations": [
          {
            "start": {
              "line": 2,
              "column": 8
            },
            "end": {
              "line": 2,
              "column": 19
            }
          },
          {
            "start": {
              "line": 2,
              "column": 23
            },
            "end": {
              "line": 2,
              "column": 54
            }
          }
        ],
        "line": 2
      }
    },
    "s": {
      "0": 14,
      "1": 14,
      "2": 0,
      "3": 0,
      "4": 0,
      "5": 0,
      "6": 0,
      "7": 0
    },
    "f": {
      "0": 14,
      "1": 0
    },
    "b": {
      "0": [
        0,
        14
      ],
      "1": [
        14,
        0
      ]
    },
    "_coverageSchema": "1a1c01bbd47fc00a2c39e90264f33305004495a9",
    "hash": "ad889a60bd081d5cd2629691a57f466daff85123"
  },
  "D:\\Web\\ReactCourse\\training-react\\src\\index.js": {
    "path": "D:\\Web\\ReactCourse\\training-react\\src\\index.js",
    "statementMap": {
      "0": {
        "start": {
          "line": 9,
          "column": 13
        },
        "end": {
          "line": 9,
          "column": 69
        }
      },
      "1": {
        "start": {
          "line": 10,
          "column": 0
        },
        "end": {
          "line": 18,
          "column": 2
        }
      },
      "2": {
        "start": {
          "line": 20,
          "column": 0
        },
        "end": {
          "line": 20,
          "column": 18
        }
      }
    },
    "fnMap": {},
    "branchMap": {},
    "s": {
      "0": 14,
      "1": 14,
      "2": 14
    },
    "f": {},
    "b": {},
    "_coverageSchema": "1a1c01bbd47fc00a2c39e90264f33305004495a9",
    "hash": "e60bb76af85c41f21da6229f89459113f60aaa0f"
  }
}